[     668ms] [LOG] [Fast Refresh] rebuilding @ http://localhost:3000/_next/static/chunks/node_modules_next_dist_115brz8._.js:2477
[   14319ms] [LOG] [Fast Refresh] done in 13754ms @ http://localhost:3000/_next/static/chunks/node_modules_next_dist_115brz8._.js:2477
[   15790ms] [INFO] %cDownload the React DevTools for a better development experience: https://react.dev/link/react-devtools font-weight:bold @ http://localhost:3000/_next/static/chunks/node_modules_next_dist_115brz8._.js:2477
[   17174ms] [LOG] [HMR] connected @ http://localhost:3000/_next/static/chunks/node_modules_next_dist_115brz8._.js:2477
[   18357ms] [LOG] [Fast Refresh] rebuilding @ http://localhost:3000/_next/static/chunks/node_modules_next_dist_115brz8._.js:2477
[   18903ms] Error: Hydration failed because the server rendered text didn't match the client. As a result this tree will be regenerated on the client. This can happen if a SSR-ed Client Component used:

- A server/client branch `if (typeof window !== 'undefined')`.
- Variable input such as `Date.now()` or `Math.random()` which changes each time it's called.
- Date formatting in a user's locale which doesn't match the server.
- External changing data without sending a snapshot of it along with the HTML.
- Invalid HTML tag nesting.

It can also happen if the client has a browser extension installed which messes with the HTML before React loaded.

https://react.dev/link/hydration-mismatch

  ...
    <HTTPAccessFallbackBoundary notFound={undefined} forbidden={undefined} unauthorized={undefined}>
      <RedirectBoundary>
        <RedirectErrorBoundary router={{...}}>
          <InnerLayoutRouter url="/design-st..." tree={[...]} params={{}} cacheNode={{rsc:{...}, ...}} ...>
            <SegmentViewNode type="page" pagePath="design-stu...">
              <SegmentTrieNode>
              <ClientPageRoot Component={function ConceptCPage} serverProvidedParams={{...}}>
                <ConceptCPage params={Promise} searchParams={Promise}>
                  <div className="min-h-scre...">
                    <style>
                    <header>
                    <div className="flex">
                      <aside>
                      <main className="flex-1 min...">
                        <div>
                        <section className="grid grid-...">
                          <div className="bg-[#0f172...">
                            <p>
                            <p>
                            <div>
                            <div className="mt-1.5 h-[...">
                              <div
                                className="h-full rounded-full bg-emerald-400"
                                style={{
+                                 width: "72.70300774698613%"
-                                 width: "70.469%"
+                                 boxShadow: "0 0 6px rgba(52,211,153,0.4)"
-                                 box-shadow: "rgba(52, 211, 153, 0.4) 0px 0px 6px"
                                }}
                              >
                          <div className="bg-[#0f172...">
                            <p>
                            <p>
                            <div>
                            <div className="mt-1.5 h-[...">
                              <div
                                className="h-full rounded-full bg-emerald-400"
                                style={{
+                                 width: "85.84421139755932%"
-                                 width: "75.9478%"
+                                 boxShadow: "0 0 6px rgba(52,211,153,0.4)"
-                                 box-shadow: "rgba(52, 211, 153, 0.4) 0px 0px 6px"
                                }}
                              >
                          <div className="bg-[#0f172...">
                            <p>
                            <p>
                            <div>
                            <div className="mt-1.5 h-[...">
                              <div
                                className="h-full rounded-full bg-emerald-400"
                                style={{
+                                 width: "89.94001065405095%"
-                                 width: "67.7792%"
+                                 boxShadow: "0 0 6px rgba(52,211,153,0.4)"
-                                 box-shadow: "rgba(52, 211, 153, 0.4) 0px 0px 6px"
                                }}
                              >
                          <div className="bg-[#0f172...">
                            <p>
                            <p>
                            <div>
                            <div className="mt-1.5 h-[...">
                              <div
                                className="h-full rounded-full bg-rose-400"
                                style={{
+                                 width: "82.7320435266131%"
-                                 width: "90.3951%"
+                                 boxShadow: "0 0 6px rgba(244,63,94,0.4)"
-                                 box-shadow: "rgba(244, 63, 94, 0.4) 0px 0px 6px"
                                }}
                              >
                          <div className="bg-[#0f172...">
                            <p>
                            <p>
                            <div>
                            <div className="mt-1.5 h-[...">
                              <div
                                className="h-full rounded-full bg-emerald-400"
                                style={{
+                                 width: "69.67987989958404%"
-                                 width: "79.7232%"
+                                 boxShadow: "0 0 6px rgba(52,211,153,0.4)"
-                                 box-shadow: "rgba(52, 211, 153, 0.4) 0px 0px 6px"
                                }}
                              >
                          <div className="bg-[#0f172...">
                            <p>
                            <p>
                            <div>
                            <div className="mt-1.5 h-[...">
                              <div
                                className="h-full rounded-full bg-slate-500"
                                style={{
+                                 width: "80.79214381946633%"
-                                 width: "87.5554%"
+                                 boxShadow: "none"
-                                 box-shadow: "none"
                                }}
                              >
                        ...
                          <div className="flex items...">
                            <span>
                            <span>
                            <span>
                            <span>
                            <span className="flex-1 tex...">
                              <div className="inline-fle...">
                                <div className="flex-1 h-[...">
                                  <div
                                    className="h-full rounded-full transition-all duration-700 bg-emerald-500"
                                    style={{
+                                     width: "54%"
-                                     width: "41%"
+                                     boxShadow: "0 0 6px rgba(52,211,153,0.3)"
-                                     box-shadow: "rgba(52, 211, 153, 0.3) 0px 0px 6px"
                                    }}
                                  >
                                <span className="text-[9px]...">
+                                 54
-                                 41
                                  ...
                        ...
            ...
          ...

    at throwOnHydrationMismatch (http://localhost:3000/_next/static/chunks/node_modules_next_dist_compiled_react-dom_058-ah~._.js:3318:56)
    at completeWork (http://localhost:3000/_next/static/chunks/node_modules_next_dist_compiled_react-dom_058-ah~._.js:7021:36)
    at runWithFiberInDEV (http://localhost:3000/_next/static/chunks/node_modules_next_dist_compiled_react-dom_058-ah~._.js:965:74)
    at completeUnitOfWork (http://localhost:3000/_next/static/chunks/node_modules_next_dist_compiled_react-dom_058-ah~._.js:9622:23)
    at performUnitOfWork (http://localhost:3000/_next/static/chunks/node_modules_next_dist_compiled_react-dom_058-ah~._.js:9557:28)
    at workLoopConcurrentByScheduler (http://localhost:3000/_next/static/chunks/node_modules_next_dist_compiled_react-dom_058-ah~._.js:9551:58)
    at renderRootConcurrent (http://localhost:3000/_next/static/chunks/node_modules_next_dist_compiled_react-dom_058-ah~._.js:9534:71)
    at performWorkOnRoot (http://localhost:3000/_next/static/chunks/node_modules_next_dist_compiled_react-dom_058-ah~._.js:9061:150)
    at performWorkOnRootViaSchedulerTask (http://localhost:3000/_next/static/chunks/node_modules_next_dist_compiled_react-dom_058-ah~._.js:10255:9)
    at MessagePort.performWorkUntilDeadline (http://localhost:3000/_next/static/chunks/node_modules_next_dist_compiled_0rpq4pf._.js:2647:64)
[   19709ms] [LOG] [Fast Refresh] done in 1509ms @ http://localhost:3000/_next/static/chunks/node_modules_next_dist_115brz8._.js:2477
