[     170ms] [VERBOSE] [DOM] Password field is not contained in a form: (More info: https://goo.gl/9p2vKq) %o @ http://localhost:3000/:0
[     321ms] [INFO] %cDownload the React DevTools for a better development experience: https://react.dev/link/react-devtools font-weight:bold @ http://localhost:3000/_next/static/chunks/node_modules_next_dist_115brz8._.js:2477
[     361ms] [LOG] [HMR] connected @ http://localhost:3000/_next/static/chunks/node_modules_next_dist_115brz8._.js:2477
[     707ms] [VERBOSE] [DOM] Password field is not contained in a form: (More info: https://goo.gl/9p2vKq) %o @ http://localhost:3000/:0
[    3521ms] [WARNING] The resource http://localhost:3000/_next/static/media/6835223d91b5eb8f-s.p.00d826.jmdee7.woff2 was preloaded using link preload but not used within a few seconds from the window's load event. Please make sure it has an appropriate `as` value and it is preloaded intentionally. @ http://localhost:3000/:0
[    3521ms] [WARNING] The resource http://localhost:3000/_next/static/media/9ff27b8a0a8f3dc0-s.p.170gfl_1xpie6.woff2 was preloaded using link preload but not used within a few seconds from the window's load event. Please make sure it has an appropriate `as` value and it is preloaded intentionally. @ http://localhost:3000/:0
[    3521ms] [WARNING] The resource http://localhost:3000/_next/static/media/caa3a2e1cccd8315-s.p.09~u27dqhyhd6.woff2 was preloaded using link preload but not used within a few seconds from the window's load event. Please make sure it has an appropriate `as` value and it is preloaded intentionally. @ http://localhost:3000/:0
[    3521ms] [WARNING] The resource http://localhost:3000/_next/static/media/797e433ab948586e-s.p.08e28id.o-okb.woff2 was preloaded using link preload but not used within a few seconds from the window's load event. Please make sure it has an appropriate `as` value and it is preloaded intentionally. @ http://localhost:3000/:0
[    3521ms] [WARNING] The resource http://localhost:3000/_next/static/media/d41831e24743a3c1-s.p.02r-fjhi~6g_a.woff2 was preloaded using link preload but not used within a few seconds from the window's load event. Please make sure it has an appropriate `as` value and it is preloaded intentionally. @ http://localhost:3000/:0
[    3521ms] [WARNING] The resource http://localhost:3000/_next/static/media/130b5bec7367fe75-s.p.0q2wrlgna7.s-.woff2 was preloaded using link preload but not used within a few seconds from the window's load event. Please make sure it has an appropriate `as` value and it is preloaded intentionally. @ http://localhost:3000/:0
[   15310ms] [ERROR] Failed to load resource: net::ERR_CONNECTION_REFUSED @ http://host.docker.internal:3001/api/v1/auth/dev-login:0
[   18074ms] [ERROR] Failed to load resource: net::ERR_CONNECTION_REFUSED @ http://host.docker.internal:3001/api/v1/dashboard/kpis:0
[   18075ms] [ERROR] Failed to load resource: net::ERR_CONNECTION_REFUSED @ http://host.docker.internal:3001/api/v1/dashboard/consumption-trend:0
[   21886ms] [ERROR] Failed to load resource: net::ERR_CONNECTION_REFUSED @ http://host.docker.internal:3001/api/v1/dashboard/recent-activity:0
[   21886ms] [ERROR] Failed to load resource: net::ERR_CONNECTION_REFUSED @ http://host.docker.internal:3001/api/v1/dashboard/kpis:0
[   22381ms] [ERROR] Failed to load resource: net::ERR_CONNECTION_REFUSED @ http://host.docker.internal:3001/api/v1/dashboard/consumption-trend:0
[   23722ms] [ERROR] Failed to load resource: net::ERR_CONNECTION_REFUSED @ http://host.docker.internal:3001/api/v1/projects:0
[   23952ms] [ERROR] Failed to load resource: net::ERR_CONNECTION_TIMED_OUT @ http://host.docker.internal:3001/api/v1/projects/PRJ-001/locations:0
[   25984ms] [ERROR] Failed to load resource: net::ERR_CONNECTION_REFUSED @ http://host.docker.internal:3001/api/v1/projects:0
[   26885ms] [ERROR] Failed to load resource: net::ERR_CONNECTION_REFUSED @ http://host.docker.internal:3001/api/v1/sim-cards:0
[   33538ms] [ERROR] Failed to load resource: net::ERR_CONNECTION_REFUSED @ http://host.docker.internal:3001/api/v1/projects/PRJ-001/water-balance?from=2026-01-01&to=2026-01-31:0
[   33538ms] [ERROR] Failed to load resource: net::ERR_CONNECTION_REFUSED @ http://host.docker.internal:3001/api/v1/invoices:0
[   34563ms] [ERROR] Failed to load resource: net::ERR_CONNECTION_REFUSED @ http://host.docker.internal:3001/api/v1/payments:0
[   36204ms] [ERROR] Failed to load resource: net::ERR_CONNECTION_REFUSED @ http://host.docker.internal:3001/api/v1/payments:0
[   49039ms] [WARNING] The resource http://localhost:3000/_next/static/media/6835223d91b5eb8f-s.p.00d826.jmdee7.woff2 was preloaded using link preload but not used within a few seconds from the window's load event. Please make sure it has an appropriate `as` value and it is preloaded intentionally. @ http://localhost:3000/:0
[   49039ms] [WARNING] The resource http://localhost:3000/_next/static/media/9ff27b8a0a8f3dc0-s.p.170gfl_1xpie6.woff2 was preloaded using link preload but not used within a few seconds from the window's load event. Please make sure it has an appropriate `as` value and it is preloaded intentionally. @ http://localhost:3000/:0
[   49039ms] [WARNING] The resource http://localhost:3000/_next/static/media/caa3a2e1cccd8315-s.p.09~u27dqhyhd6.woff2 was preloaded using link preload but not used within a few seconds from the window's load event. Please make sure it has an appropriate `as` value and it is preloaded intentionally. @ http://localhost:3000/:0
[   49039ms] [WARNING] The resource http://localhost:3000/_next/static/media/797e433ab948586e-s.p.08e28id.o-okb.woff2 was preloaded using link preload but not used within a few seconds from the window's load event. Please make sure it has an appropriate `as` value and it is preloaded intentionally. @ http://localhost:3000/:0
[   49039ms] [WARNING] The resource http://localhost:3000/_next/static/media/d41831e24743a3c1-s.p.02r-fjhi~6g_a.woff2 was preloaded using link preload but not used within a few seconds from the window's load event. Please make sure it has an appropriate `as` value and it is preloaded intentionally. @ http://localhost:3000/:0
[   49039ms] [WARNING] The resource http://localhost:3000/_next/static/media/130b5bec7367fe75-s.p.0q2wrlgna7.s-.woff2 was preloaded using link preload but not used within a few seconds from the window's load event. Please make sure it has an appropriate `as` value and it is preloaded intentionally. @ http://localhost:3000/:0
[   64673ms] [ERROR] Failed to load resource: net::ERR_CONNECTION_REFUSED @ http://host.docker.internal:3001/api/v1/meters:0
[   67748ms] [ERROR] Failed to load resource: net::ERR_CONNECTION_REFUSED @ http://host.docker.internal:3001/api/v1/meters:0
[   70761ms] [WARNING] The resource http://localhost:3000/_next/static/media/6835223d91b5eb8f-s.p.00d826.jmdee7.woff2 was preloaded using link preload but not used within a few seconds from the window's load event. Please make sure it has an appropriate `as` value and it is preloaded intentionally. @ http://localhost:3000/:0
[   70761ms] [WARNING] The resource http://localhost:3000/_next/static/media/9ff27b8a0a8f3dc0-s.p.170gfl_1xpie6.woff2 was preloaded using link preload but not used within a few seconds from the window's load event. Please make sure it has an appropriate `as` value and it is preloaded intentionally. @ http://localhost:3000/:0
[   70761ms] [WARNING] The resource http://localhost:3000/_next/static/media/caa3a2e1cccd8315-s.p.09~u27dqhyhd6.woff2 was preloaded using link preload but not used within a few seconds from the window's load event. Please make sure it has an appropriate `as` value and it is preloaded intentionally. @ http://localhost:3000/:0
[   70761ms] [WARNING] The resource http://localhost:3000/_next/static/media/797e433ab948586e-s.p.08e28id.o-okb.woff2 was preloaded using link preload but not used within a few seconds from the window's load event. Please make sure it has an appropriate `as` value and it is preloaded intentionally. @ http://localhost:3000/:0
[   70762ms] [WARNING] The resource http://localhost:3000/_next/static/media/d41831e24743a3c1-s.p.02r-fjhi~6g_a.woff2 was preloaded using link preload but not used within a few seconds from the window's load event. Please make sure it has an appropriate `as` value and it is preloaded intentionally. @ http://localhost:3000/:0
[   70762ms] [WARNING] The resource http://localhost:3000/_next/static/media/130b5bec7367fe75-s.p.0q2wrlgna7.s-.woff2 was preloaded using link preload but not used within a few seconds from the window's load event. Please make sure it has an appropriate `as` value and it is preloaded intentionally. @ http://localhost:3000/:0
[   91377ms] [ERROR] Failed to load resource: net::ERR_CONNECTION_REFUSED @ http://host.docker.internal:3001/api/v1/projects:0
[   94384ms] [WARNING] The resource http://localhost:3000/_next/static/media/6835223d91b5eb8f-s.p.00d826.jmdee7.woff2 was preloaded using link preload but not used within a few seconds from the window's load event. Please make sure it has an appropriate `as` value and it is preloaded intentionally. @ http://localhost:3000/:0
[   94384ms] [WARNING] The resource http://localhost:3000/_next/static/media/9ff27b8a0a8f3dc0-s.p.170gfl_1xpie6.woff2 was preloaded using link preload but not used within a few seconds from the window's load event. Please make sure it has an appropriate `as` value and it is preloaded intentionally. @ http://localhost:3000/:0
[   94385ms] [WARNING] The resource http://localhost:3000/_next/static/media/caa3a2e1cccd8315-s.p.09~u27dqhyhd6.woff2 was preloaded using link preload but not used within a few seconds from the window's load event. Please make sure it has an appropriate `as` value and it is preloaded intentionally. @ http://localhost:3000/:0
[   94385ms] [WARNING] The resource http://localhost:3000/_next/static/media/797e433ab948586e-s.p.08e28id.o-okb.woff2 was preloaded using link preload but not used within a few seconds from the window's load event. Please make sure it has an appropriate `as` value and it is preloaded intentionally. @ http://localhost:3000/:0
[   94385ms] [WARNING] The resource http://localhost:3000/_next/static/media/d41831e24743a3c1-s.p.02r-fjhi~6g_a.woff2 was preloaded using link preload but not used within a few seconds from the window's load event. Please make sure it has an appropriate `as` value and it is preloaded intentionally. @ http://localhost:3000/:0
[   94385ms] [WARNING] The resource http://localhost:3000/_next/static/media/130b5bec7367fe75-s.p.0q2wrlgna7.s-.woff2 was preloaded using link preload but not used within a few seconds from the window's load event. Please make sure it has an appropriate `as` value and it is preloaded intentionally. @ http://localhost:3000/:0
[   94458ms] [ERROR] Failed to load resource: net::ERR_CONNECTION_REFUSED @ http://host.docker.internal:3001/api/v1/projects:0
[   97462ms] [WARNING] The resource http://localhost:3000/_next/static/media/6835223d91b5eb8f-s.p.00d826.jmdee7.woff2 was preloaded using link preload but not used within a few seconds from the window's load event. Please make sure it has an appropriate `as` value and it is preloaded intentionally. @ http://localhost:3000/:0
[   97462ms] [WARNING] The resource http://localhost:3000/_next/static/media/9ff27b8a0a8f3dc0-s.p.170gfl_1xpie6.woff2 was preloaded using link preload but not used within a few seconds from the window's load event. Please make sure it has an appropriate `as` value and it is preloaded intentionally. @ http://localhost:3000/:0
[   97462ms] [WARNING] The resource http://localhost:3000/_next/static/media/caa3a2e1cccd8315-s.p.09~u27dqhyhd6.woff2 was preloaded using link preload but not used within a few seconds from the window's load event. Please make sure it has an appropriate `as` value and it is preloaded intentionally. @ http://localhost:3000/:0
[   97462ms] [WARNING] The resource http://localhost:3000/_next/static/media/797e433ab948586e-s.p.08e28id.o-okb.woff2 was preloaded using link preload but not used within a few seconds from the window's load event. Please make sure it has an appropriate `as` value and it is preloaded intentionally. @ http://localhost:3000/:0
[   97462ms] [WARNING] The resource http://localhost:3000/_next/static/media/d41831e24743a3c1-s.p.02r-fjhi~6g_a.woff2 was preloaded using link preload but not used within a few seconds from the window's load event. Please make sure it has an appropriate `as` value and it is preloaded intentionally. @ http://localhost:3000/:0
[   97462ms] [WARNING] The resource http://localhost:3000/_next/static/media/130b5bec7367fe75-s.p.0q2wrlgna7.s-.woff2 was preloaded using link preload but not used within a few seconds from the window's load event. Please make sure it has an appropriate `as` value and it is preloaded intentionally. @ http://localhost:3000/:0
[  142268ms] [ERROR] Failed to load resource: net::ERR_CONNECTION_REFUSED @ http://host.docker.internal:3001/api/v1/projects/PRJ-001:0
[  145270ms] [WARNING] The resource http://localhost:3000/_next/static/media/6835223d91b5eb8f-s.p.00d826.jmdee7.woff2 was preloaded using link preload but not used within a few seconds from the window's load event. Please make sure it has an appropriate `as` value and it is preloaded intentionally. @ http://localhost:3000/:0
[  145270ms] [WARNING] The resource http://localhost:3000/_next/static/media/9ff27b8a0a8f3dc0-s.p.170gfl_1xpie6.woff2 was preloaded using link preload but not used within a few seconds from the window's load event. Please make sure it has an appropriate `as` value and it is preloaded intentionally. @ http://localhost:3000/:0
[  145270ms] [WARNING] The resource http://localhost:3000/_next/static/media/caa3a2e1cccd8315-s.p.09~u27dqhyhd6.woff2 was preloaded using link preload but not used within a few seconds from the window's load event. Please make sure it has an appropriate `as` value and it is preloaded intentionally. @ http://localhost:3000/:0
[  145270ms] [WARNING] The resource http://localhost:3000/_next/static/media/797e433ab948586e-s.p.08e28id.o-okb.woff2 was preloaded using link preload but not used within a few seconds from the window's load event. Please make sure it has an appropriate `as` value and it is preloaded intentionally. @ http://localhost:3000/:0
[  145270ms] [WARNING] The resource http://localhost:3000/_next/static/media/d41831e24743a3c1-s.p.02r-fjhi~6g_a.woff2 was preloaded using link preload but not used within a few seconds from the window's load event. Please make sure it has an appropriate `as` value and it is preloaded intentionally. @ http://localhost:3000/:0
[  145270ms] [WARNING] The resource http://localhost:3000/_next/static/media/130b5bec7367fe75-s.p.0q2wrlgna7.s-.woff2 was preloaded using link preload but not used within a few seconds from the window's load event. Please make sure it has an appropriate `as` value and it is preloaded intentionally. @ http://localhost:3000/:0
[  145341ms] [ERROR] Failed to load resource: net::ERR_CONNECTION_REFUSED @ http://host.docker.internal:3001/api/v1/projects/PRJ-001:0
[  148349ms] [WARNING] The resource http://localhost:3000/_next/static/media/6835223d91b5eb8f-s.p.00d826.jmdee7.woff2 was preloaded using link preload but not used within a few seconds from the window's load event. Please make sure it has an appropriate `as` value and it is preloaded intentionally. @ http://localhost:3000/:0
[  148349ms] [WARNING] The resource http://localhost:3000/_next/static/media/9ff27b8a0a8f3dc0-s.p.170gfl_1xpie6.woff2 was preloaded using link preload but not used within a few seconds from the window's load event. Please make sure it has an appropriate `as` value and it is preloaded intentionally. @ http://localhost:3000/:0
[  148349ms] [WARNING] The resource http://localhost:3000/_next/static/media/caa3a2e1cccd8315-s.p.09~u27dqhyhd6.woff2 was preloaded using link preload but not used within a few seconds from the window's load event. Please make sure it has an appropriate `as` value and it is preloaded intentionally. @ http://localhost:3000/:0
[  148349ms] [WARNING] The resource http://localhost:3000/_next/static/media/797e433ab948586e-s.p.08e28id.o-okb.woff2 was preloaded using link preload but not used within a few seconds from the window's load event. Please make sure it has an appropriate `as` value and it is preloaded intentionally. @ http://localhost:3000/:0
[  148349ms] [WARNING] The resource http://localhost:3000/_next/static/media/d41831e24743a3c1-s.p.02r-fjhi~6g_a.woff2 was preloaded using link preload but not used within a few seconds from the window's load event. Please make sure it has an appropriate `as` value and it is preloaded intentionally. @ http://localhost:3000/:0
[  148349ms] [WARNING] The resource http://localhost:3000/_next/static/media/130b5bec7367fe75-s.p.0q2wrlgna7.s-.woff2 was preloaded using link preload but not used within a few seconds from the window's load event. Please make sure it has an appropriate `as` value and it is preloaded intentionally. @ http://localhost:3000/:0
[  174058ms] [ERROR] Failed to load resource: net::ERR_CONNECTION_REFUSED @ http://host.docker.internal:3001/api/v1/projects:0
[  177061ms] [WARNING] The resource http://localhost:3000/_next/static/media/6835223d91b5eb8f-s.p.00d826.jmdee7.woff2 was preloaded using link preload but not used within a few seconds from the window's load event. Please make sure it has an appropriate `as` value and it is preloaded intentionally. @ http://localhost:3000/:0
[  177061ms] [WARNING] The resource http://localhost:3000/_next/static/media/9ff27b8a0a8f3dc0-s.p.170gfl_1xpie6.woff2 was preloaded using link preload but not used within a few seconds from the window's load event. Please make sure it has an appropriate `as` value and it is preloaded intentionally. @ http://localhost:3000/:0
[  177061ms] [WARNING] The resource http://localhost:3000/_next/static/media/caa3a2e1cccd8315-s.p.09~u27dqhyhd6.woff2 was preloaded using link preload but not used within a few seconds from the window's load event. Please make sure it has an appropriate `as` value and it is preloaded intentionally. @ http://localhost:3000/:0
[  177061ms] [WARNING] The resource http://localhost:3000/_next/static/media/797e433ab948586e-s.p.08e28id.o-okb.woff2 was preloaded using link preload but not used within a few seconds from the window's load event. Please make sure it has an appropriate `as` value and it is preloaded intentionally. @ http://localhost:3000/:0
[  177061ms] [WARNING] The resource http://localhost:3000/_next/static/media/d41831e24743a3c1-s.p.02r-fjhi~6g_a.woff2 was preloaded using link preload but not used within a few seconds from the window's load event. Please make sure it has an appropriate `as` value and it is preloaded intentionally. @ http://localhost:3000/:0
[  177061ms] [WARNING] The resource http://localhost:3000/_next/static/media/130b5bec7367fe75-s.p.0q2wrlgna7.s-.woff2 was preloaded using link preload but not used within a few seconds from the window's load event. Please make sure it has an appropriate `as` value and it is preloaded intentionally. @ http://localhost:3000/:0
[  178639ms] [ERROR] Failed to load resource: net::ERR_CONNECTION_REFUSED @ http://host.docker.internal:3001/api/v1/projects:0
[  181652ms] [WARNING] The resource http://localhost:3000/_next/static/media/6835223d91b5eb8f-s.p.00d826.jmdee7.woff2 was preloaded using link preload but not used within a few seconds from the window's load event. Please make sure it has an appropriate `as` value and it is preloaded intentionally. @ http://localhost:3000/:0
[  181652ms] [WARNING] The resource http://localhost:3000/_next/static/media/9ff27b8a0a8f3dc0-s.p.170gfl_1xpie6.woff2 was preloaded using link preload but not used within a few seconds from the window's load event. Please make sure it has an appropriate `as` value and it is preloaded intentionally. @ http://localhost:3000/:0
[  181652ms] [WARNING] The resource http://localhost:3000/_next/static/media/caa3a2e1cccd8315-s.p.09~u27dqhyhd6.woff2 was preloaded using link preload but not used within a few seconds from the window's load event. Please make sure it has an appropriate `as` value and it is preloaded intentionally. @ http://localhost:3000/:0
[  181652ms] [WARNING] The resource http://localhost:3000/_next/static/media/797e433ab948586e-s.p.08e28id.o-okb.woff2 was preloaded using link preload but not used within a few seconds from the window's load event. Please make sure it has an appropriate `as` value and it is preloaded intentionally. @ http://localhost:3000/:0
[  181652ms] [WARNING] The resource http://localhost:3000/_next/static/media/d41831e24743a3c1-s.p.02r-fjhi~6g_a.woff2 was preloaded using link preload but not used within a few seconds from the window's load event. Please make sure it has an appropriate `as` value and it is preloaded intentionally. @ http://localhost:3000/:0
[  181652ms] [WARNING] The resource http://localhost:3000/_next/static/media/130b5bec7367fe75-s.p.0q2wrlgna7.s-.woff2 was preloaded using link preload but not used within a few seconds from the window's load event. Please make sure it has an appropriate `as` value and it is preloaded intentionally. @ http://localhost:3000/:0
[  199337ms] [WARNING] The resource http://localhost:3000/_next/static/media/6835223d91b5eb8f-s.p.00d826.jmdee7.woff2 was preloaded using link preload but not used within a few seconds from the window's load event. Please make sure it has an appropriate `as` value and it is preloaded intentionally. @ http://localhost:3000/:0
[  199338ms] [WARNING] The resource http://localhost:3000/_next/static/media/9ff27b8a0a8f3dc0-s.p.170gfl_1xpie6.woff2 was preloaded using link preload but not used within a few seconds from the window's load event. Please make sure it has an appropriate `as` value and it is preloaded intentionally. @ http://localhost:3000/:0
[  199338ms] [WARNING] The resource http://localhost:3000/_next/static/media/caa3a2e1cccd8315-s.p.09~u27dqhyhd6.woff2 was preloaded using link preload but not used within a few seconds from the window's load event. Please make sure it has an appropriate `as` value and it is preloaded intentionally. @ http://localhost:3000/:0
[  199338ms] [WARNING] The resource http://localhost:3000/_next/static/media/797e433ab948586e-s.p.08e28id.o-okb.woff2 was preloaded using link preload but not used within a few seconds from the window's load event. Please make sure it has an appropriate `as` value and it is preloaded intentionally. @ http://localhost:3000/:0
[  199338ms] [WARNING] The resource http://localhost:3000/_next/static/media/d41831e24743a3c1-s.p.02r-fjhi~6g_a.woff2 was preloaded using link preload but not used within a few seconds from the window's load event. Please make sure it has an appropriate `as` value and it is preloaded intentionally. @ http://localhost:3000/:0
[  199338ms] [WARNING] The resource http://localhost:3000/_next/static/media/130b5bec7367fe75-s.p.0q2wrlgna7.s-.woff2 was preloaded using link preload but not used within a few seconds from the window's load event. Please make sure it has an appropriate `as` value and it is preloaded intentionally. @ http://localhost:3000/:0
[  244277ms] [WARNING] The resource http://localhost:3000/_next/static/media/6835223d91b5eb8f-s.p.00d826.jmdee7.woff2 was preloaded using link preload but not used within a few seconds from the window's load event. Please make sure it has an appropriate `as` value and it is preloaded intentionally. @ http://localhost:3000/:0
[  244277ms] [WARNING] The resource http://localhost:3000/_next/static/media/9ff27b8a0a8f3dc0-s.p.170gfl_1xpie6.woff2 was preloaded using link preload but not used within a few seconds from the window's load event. Please make sure it has an appropriate `as` value and it is preloaded intentionally. @ http://localhost:3000/:0
[  244277ms] [WARNING] The resource http://localhost:3000/_next/static/media/caa3a2e1cccd8315-s.p.09~u27dqhyhd6.woff2 was preloaded using link preload but not used within a few seconds from the window's load event. Please make sure it has an appropriate `as` value and it is preloaded intentionally. @ http://localhost:3000/:0
[  244277ms] [WARNING] The resource http://localhost:3000/_next/static/media/797e433ab948586e-s.p.08e28id.o-okb.woff2 was preloaded using link preload but not used within a few seconds from the window's load event. Please make sure it has an appropriate `as` value and it is preloaded intentionally. @ http://localhost:3000/:0
[  244278ms] [WARNING] The resource http://localhost:3000/_next/static/media/d41831e24743a3c1-s.p.02r-fjhi~6g_a.woff2 was preloaded using link preload but not used within a few seconds from the window's load event. Please make sure it has an appropriate `as` value and it is preloaded intentionally. @ http://localhost:3000/:0
[  244278ms] [WARNING] The resource http://localhost:3000/_next/static/media/130b5bec7367fe75-s.p.0q2wrlgna7.s-.woff2 was preloaded using link preload but not used within a few seconds from the window's load event. Please make sure it has an appropriate `as` value and it is preloaded intentionally. @ http://localhost:3000/:0
[  244278ms] [ERROR] Failed to load resource: net::ERR_CONNECTION_REFUSED @ http://host.docker.internal:3001/api/v1/projects/PRJ-001:0
[  247290ms] [WARNING] The resource http://localhost:3000/_next/static/media/6835223d91b5eb8f-s.p.00d826.jmdee7.woff2 was preloaded using link preload but not used within a few seconds from the window's load event. Please make sure it has an appropriate `as` value and it is preloaded intentionally. @ http://localhost:3000/:0
[  247290ms] [WARNING] The resource http://localhost:3000/_next/static/media/9ff27b8a0a8f3dc0-s.p.170gfl_1xpie6.woff2 was preloaded using link preload but not used within a few seconds from the window's load event. Please make sure it has an appropriate `as` value and it is preloaded intentionally. @ http://localhost:3000/:0
[  247290ms] [WARNING] The resource http://localhost:3000/_next/static/media/caa3a2e1cccd8315-s.p.09~u27dqhyhd6.woff2 was preloaded using link preload but not used within a few seconds from the window's load event. Please make sure it has an appropriate `as` value and it is preloaded intentionally. @ http://localhost:3000/:0
[  247290ms] [WARNING] The resource http://localhost:3000/_next/static/media/797e433ab948586e-s.p.08e28id.o-okb.woff2 was preloaded using link preload but not used within a few seconds from the window's load event. Please make sure it has an appropriate `as` value and it is preloaded intentionally. @ http://localhost:3000/:0
[  247290ms] [WARNING] The resource http://localhost:3000/_next/static/media/d41831e24743a3c1-s.p.02r-fjhi~6g_a.woff2 was preloaded using link preload but not used within a few seconds from the window's load event. Please make sure it has an appropriate `as` value and it is preloaded intentionally. @ http://localhost:3000/:0
[  247290ms] [WARNING] The resource http://localhost:3000/_next/static/media/130b5bec7367fe75-s.p.0q2wrlgna7.s-.woff2 was preloaded using link preload but not used within a few seconds from the window's load event. Please make sure it has an appropriate `as` value and it is preloaded intentionally. @ http://localhost:3000/:0
[  248702ms] [ERROR] Failed to load resource: net::ERR_CONNECTION_REFUSED @ http://host.docker.internal:3001/api/v1/projects/PRJ-001:0
[  251717ms] [WARNING] The resource http://localhost:3000/_next/static/media/6835223d91b5eb8f-s.p.00d826.jmdee7.woff2 was preloaded using link preload but not used within a few seconds from the window's load event. Please make sure it has an appropriate `as` value and it is preloaded intentionally. @ http://localhost:3000/:0
[  251717ms] [WARNING] The resource http://localhost:3000/_next/static/media/9ff27b8a0a8f3dc0-s.p.170gfl_1xpie6.woff2 was preloaded using link preload but not used within a few seconds from the window's load event. Please make sure it has an appropriate `as` value and it is preloaded intentionally. @ http://localhost:3000/:0
[  251717ms] [WARNING] The resource http://localhost:3000/_next/static/media/caa3a2e1cccd8315-s.p.09~u27dqhyhd6.woff2 was preloaded using link preload but not used within a few seconds from the window's load event. Please make sure it has an appropriate `as` value and it is preloaded intentionally. @ http://localhost:3000/:0
[  251718ms] [WARNING] The resource http://localhost:3000/_next/static/media/797e433ab948586e-s.p.08e28id.o-okb.woff2 was preloaded using link preload but not used within a few seconds from the window's load event. Please make sure it has an appropriate `as` value and it is preloaded intentionally. @ http://localhost:3000/:0
[  251718ms] [WARNING] The resource http://localhost:3000/_next/static/media/d41831e24743a3c1-s.p.02r-fjhi~6g_a.woff2 was preloaded using link preload but not used within a few seconds from the window's load event. Please make sure it has an appropriate `as` value and it is preloaded intentionally. @ http://localhost:3000/:0
[  251718ms] [WARNING] The resource http://localhost:3000/_next/static/media/130b5bec7367fe75-s.p.0q2wrlgna7.s-.woff2 was preloaded using link preload but not used within a few seconds from the window's load event. Please make sure it has an appropriate `as` value and it is preloaded intentionally. @ http://localhost:3000/:0
[  297332ms] [ERROR] Failed to load resource: net::ERR_CONNECTION_REFUSED @ http://host.docker.internal:3001/api/v1/projects:0
[  297332ms] [ERROR] Failed to load resource: net::ERR_CONNECTION_REFUSED @ http://host.docker.internal:3001/api/v1/dashboard/kpis:0
[  299122ms] [ERROR] Failed to load resource: net::ERR_CONNECTION_REFUSED @ http://host.docker.internal:3001/api/v1/dashboard/consumption-trend:0
[  299141ms] [ERROR] Failed to load resource: net::ERR_CONNECTION_REFUSED @ http://host.docker.internal:3001/api/v1/dashboard/recent-activity:0
[  299623ms] [ERROR] Failed to load resource: net::ERR_CONNECTION_REFUSED @ http://host.docker.internal:3001/api/v1/dashboard/kpis:0
[  300402ms] [ERROR] Failed to load resource: net::ERR_CONNECTION_REFUSED @ http://host.docker.internal:3001/api/v1/projects:0
[  301313ms] [ERROR] Failed to load resource: net::ERR_CONNECTION_REFUSED @ http://host.docker.internal:3001/api/v1/projects/PRJ-001/locations:0
[  303976ms] [ERROR] Failed to load resource: net::ERR_CONNECTION_REFUSED @ http://host.docker.internal:3001/api/v1/projects:0
[  304490ms] [ERROR] Failed to load resource: net::ERR_CONNECTION_REFUSED @ http://host.docker.internal:3001/api/v1/meters:0
[  309093ms] [ERROR] Failed to load resource: net::ERR_CONNECTION_REFUSED @ http://host.docker.internal:3001/api/v1/meters:0
[  312188ms] [ERROR] Failed to load resource: net::ERR_CONNECTION_REFUSED @ http://host.docker.internal:3001/api/v1/meters:0
[  312434ms] [ERROR] Failed to load resource: net::ERR_CONNECTION_REFUSED @ http://host.docker.internal:3001/api/v1/sim-cards:0
[  313232ms] [ERROR] Failed to load resource: net::ERR_CONNECTION_REFUSED @ http://host.docker.internal:3001/api/v1/readings:0
[  315342ms] [ERROR] Failed to load resource: net::ERR_CONNECTION_REFUSED @ http://host.docker.internal:3001/api/v1/readings:0
[  321810ms] [ERROR] Failed to load resource: net::ERR_CONNECTION_REFUSED @ http://host.docker.internal:3001/api/v1/projects/PRJ-001/water-balance?from=2026-01-01&to=2026-01-31:0
[  321816ms] [ERROR] Failed to load resource: net::ERR_CONNECTION_REFUSED @ http://host.docker.internal:3001/api/v1/invoices:0
[  323539ms] [ERROR] Failed to load resource: net::ERR_CONNECTION_REFUSED @ http://host.docker.internal:3001/api/v1/invoices:0
[  325078ms] [ERROR] Failed to load resource: net::ERR_CONNECTION_REFUSED @ http://host.docker.internal:3001/api/v1/payments:0
[  338360ms] [WARNING] The resource http://localhost:3000/_next/static/media/6835223d91b5eb8f-s.p.00d826.jmdee7.woff2 was preloaded using link preload but not used within a few seconds from the window's load event. Please make sure it has an appropriate `as` value and it is preloaded intentionally. @ http://localhost:3000/:0
[  338360ms] [WARNING] The resource http://localhost:3000/_next/static/media/9ff27b8a0a8f3dc0-s.p.170gfl_1xpie6.woff2 was preloaded using link preload but not used within a few seconds from the window's load event. Please make sure it has an appropriate `as` value and it is preloaded intentionally. @ http://localhost:3000/:0
[  338360ms] [WARNING] The resource http://localhost:3000/_next/static/media/caa3a2e1cccd8315-s.p.09~u27dqhyhd6.woff2 was preloaded using link preload but not used within a few seconds from the window's load event. Please make sure it has an appropriate `as` value and it is preloaded intentionally. @ http://localhost:3000/:0
[  338360ms] [WARNING] The resource http://localhost:3000/_next/static/media/797e433ab948586e-s.p.08e28id.o-okb.woff2 was preloaded using link preload but not used within a few seconds from the window's load event. Please make sure it has an appropriate `as` value and it is preloaded intentionally. @ http://localhost:3000/:0
[  338360ms] [WARNING] The resource http://localhost:3000/_next/static/media/d41831e24743a3c1-s.p.02r-fjhi~6g_a.woff2 was preloaded using link preload but not used within a few seconds from the window's load event. Please make sure it has an appropriate `as` value and it is preloaded intentionally. @ http://localhost:3000/:0
[  338360ms] [WARNING] The resource http://localhost:3000/_next/static/media/130b5bec7367fe75-s.p.0q2wrlgna7.s-.woff2 was preloaded using link preload but not used within a few seconds from the window's load event. Please make sure it has an appropriate `as` value and it is preloaded intentionally. @ http://localhost:3000/:0
[  535116ms] [LOG] [HMR] connected @ http://localhost:3000/_next/static/chunks/node_modules_next_dist_115brz8._.js:2477
[  557214ms] [ERROR] Failed to load resource: net::ERR_CONNECTION_REFUSED @ http://host.docker.internal:3001/api/v1/meters:0
[  557245ms] [ERROR] Failed to load resource: net::ERR_CONNECTION_REFUSED @ http://host.docker.internal:3001/api/v1/invoices:0
[  561648ms] [ERROR] Failed to load resource: net::ERR_CONNECTION_REFUSED @ http://host.docker.internal:3001/api/v1/invoices:0
[  561648ms] [ERROR] Failed to load resource: net::ERR_CONNECTION_REFUSED @ http://host.docker.internal:3001/api/v1/readings:0
[  564655ms] [WARNING] The resource http://localhost:3000/_next/static/media/6835223d91b5eb8f-s.p.00d826.jmdee7.woff2 was preloaded using link preload but not used within a few seconds from the window's load event. Please make sure it has an appropriate `as` value and it is preloaded intentionally. @ http://localhost:3000/:0
[  564656ms] [WARNING] The resource http://localhost:3000/_next/static/media/9ff27b8a0a8f3dc0-s.p.170gfl_1xpie6.woff2 was preloaded using link preload but not used within a few seconds from the window's load event. Please make sure it has an appropriate `as` value and it is preloaded intentionally. @ http://localhost:3000/:0
[  564656ms] [WARNING] The resource http://localhost:3000/_next/static/media/caa3a2e1cccd8315-s.p.09~u27dqhyhd6.woff2 was preloaded using link preload but not used within a few seconds from the window's load event. Please make sure it has an appropriate `as` value and it is preloaded intentionally. @ http://localhost:3000/:0
[  564656ms] [WARNING] The resource http://localhost:3000/_next/static/media/797e433ab948586e-s.p.08e28id.o-okb.woff2 was preloaded using link preload but not used within a few seconds from the window's load event. Please make sure it has an appropriate `as` value and it is preloaded intentionally. @ http://localhost:3000/:0
[  564656ms] [WARNING] The resource http://localhost:3000/_next/static/media/d41831e24743a3c1-s.p.02r-fjhi~6g_a.woff2 was preloaded using link preload but not used within a few seconds from the window's load event. Please make sure it has an appropriate `as` value and it is preloaded intentionally. @ http://localhost:3000/:0
[  564656ms] [WARNING] The resource http://localhost:3000/_next/static/media/130b5bec7367fe75-s.p.0q2wrlgna7.s-.woff2 was preloaded using link preload but not used within a few seconds from the window's load event. Please make sure it has an appropriate `as` value and it is preloaded intentionally. @ http://localhost:3000/:0
[  565061ms] [ERROR] Failed to load resource: net::ERR_CONNECTION_TIMED_OUT @ http://host.docker.internal:3001/api/v1/readings:0
[  568068ms] [WARNING] The resource http://localhost:3000/_next/static/media/6835223d91b5eb8f-s.p.00d826.jmdee7.woff2 was preloaded using link preload but not used within a few seconds from the window's load event. Please make sure it has an appropriate `as` value and it is preloaded intentionally. @ http://localhost:3000/:0
[  568069ms] [WARNING] The resource http://localhost:3000/_next/static/media/9ff27b8a0a8f3dc0-s.p.170gfl_1xpie6.woff2 was preloaded using link preload but not used within a few seconds from the window's load event. Please make sure it has an appropriate `as` value and it is preloaded intentionally. @ http://localhost:3000/:0
[  568069ms] [WARNING] The resource http://localhost:3000/_next/static/media/caa3a2e1cccd8315-s.p.09~u27dqhyhd6.woff2 was preloaded using link preload but not used within a few seconds from the window's load event. Please make sure it has an appropriate `as` value and it is preloaded intentionally. @ http://localhost:3000/:0
[  568069ms] [WARNING] The resource http://localhost:3000/_next/static/media/797e433ab948586e-s.p.08e28id.o-okb.woff2 was preloaded using link preload but not used within a few seconds from the window's load event. Please make sure it has an appropriate `as` value and it is preloaded intentionally. @ http://localhost:3000/:0
[  568069ms] [WARNING] The resource http://localhost:3000/_next/static/media/d41831e24743a3c1-s.p.02r-fjhi~6g_a.woff2 was preloaded using link preload but not used within a few seconds from the window's load event. Please make sure it has an appropriate `as` value and it is preloaded intentionally. @ http://localhost:3000/:0
[  568069ms] [WARNING] The resource http://localhost:3000/_next/static/media/130b5bec7367fe75-s.p.0q2wrlgna7.s-.woff2 was preloaded using link preload but not used within a few seconds from the window's load event. Please make sure it has an appropriate `as` value and it is preloaded intentionally. @ http://localhost:3000/:0
[  625589ms] [LOG] [Fast Refresh] rebuilding @ http://localhost:3000/_next/static/chunks/node_modules_next_dist_115brz8._.js:2477
[  626749ms] [LOG] [Fast Refresh] done in 1217ms @ http://localhost:3000/_next/static/chunks/node_modules_next_dist_115brz8._.js:2477
[  626955ms] [LOG] [Fast Refresh] rebuilding @ http://localhost:3000/_next/static/chunks/node_modules_next_dist_115brz8._.js:2477
[  627729ms] [LOG] [Fast Refresh] done in 888ms @ http://localhost:3000/_next/static/chunks/node_modules_next_dist_115brz8._.js:2477
[  629810ms] [ERROR] Failed to load resource: net::ERR_CONNECTION_REFUSED @ http://host.docker.internal:3001/api/v1/readings:0
[  632815ms] [WARNING] The resource http://localhost:3000/_next/static/media/6835223d91b5eb8f-s.p.00d826.jmdee7.woff2 was preloaded using link preload but not used within a few seconds from the window's load event. Please make sure it has an appropriate `as` value and it is preloaded intentionally. @ http://localhost:3000/:0
[  632815ms] [WARNING] The resource http://localhost:3000/_next/static/media/9ff27b8a0a8f3dc0-s.p.170gfl_1xpie6.woff2 was preloaded using link preload but not used within a few seconds from the window's load event. Please make sure it has an appropriate `as` value and it is preloaded intentionally. @ http://localhost:3000/:0
[  632815ms] [WARNING] The resource http://localhost:3000/_next/static/media/caa3a2e1cccd8315-s.p.09~u27dqhyhd6.woff2 was preloaded using link preload but not used within a few seconds from the window's load event. Please make sure it has an appropriate `as` value and it is preloaded intentionally. @ http://localhost:3000/:0
[  632815ms] [WARNING] The resource http://localhost:3000/_next/static/media/797e433ab948586e-s.p.08e28id.o-okb.woff2 was preloaded using link preload but not used within a few seconds from the window's load event. Please make sure it has an appropriate `as` value and it is preloaded intentionally. @ http://localhost:3000/:0
[  632815ms] [WARNING] The resource http://localhost:3000/_next/static/media/d41831e24743a3c1-s.p.02r-fjhi~6g_a.woff2 was preloaded using link preload but not used within a few seconds from the window's load event. Please make sure it has an appropriate `as` value and it is preloaded intentionally. @ http://localhost:3000/:0
[  632816ms] [WARNING] The resource http://localhost:3000/_next/static/media/130b5bec7367fe75-s.p.0q2wrlgna7.s-.woff2 was preloaded using link preload but not used within a few seconds from the window's load event. Please make sure it has an appropriate `as` value and it is preloaded intentionally. @ http://localhost:3000/:0
[  632899ms] [ERROR] Failed to load resource: net::ERR_CONNECTION_REFUSED @ http://host.docker.internal:3001/api/v1/readings:0
[  634405ms] [LOG] [Fast Refresh] rebuilding @ http://localhost:3000/_next/static/chunks/node_modules_next_dist_115brz8._.js:2477
[  634802ms] [LOG] [Fast Refresh] done in 291ms @ http://localhost:3000/_next/static/chunks/node_modules_next_dist_115brz8._.js:2477
[  637288ms] [ERROR] Failed to load resource: net::ERR_CONNECTION_REFUSED @ http://host.docker.internal:3001/api/v1/readings:0
[  640303ms] [WARNING] The resource http://localhost:3000/_next/static/media/6835223d91b5eb8f-s.p.00d826.jmdee7.woff2 was preloaded using link preload but not used within a few seconds from the window's load event. Please make sure it has an appropriate `as` value and it is preloaded intentionally. @ http://localhost:3000/:0
[  640304ms] [WARNING] The resource http://localhost:3000/_next/static/media/9ff27b8a0a8f3dc0-s.p.170gfl_1xpie6.woff2 was preloaded using link preload but not used within a few seconds from the window's load event. Please make sure it has an appropriate `as` value and it is preloaded intentionally. @ http://localhost:3000/:0
[  640304ms] [WARNING] The resource http://localhost:3000/_next/static/media/caa3a2e1cccd8315-s.p.09~u27dqhyhd6.woff2 was preloaded using link preload but not used within a few seconds from the window's load event. Please make sure it has an appropriate `as` value and it is preloaded intentionally. @ http://localhost:3000/:0
[  640304ms] [WARNING] The resource http://localhost:3000/_next/static/media/797e433ab948586e-s.p.08e28id.o-okb.woff2 was preloaded using link preload but not used within a few seconds from the window's load event. Please make sure it has an appropriate `as` value and it is preloaded intentionally. @ http://localhost:3000/:0
[  640304ms] [WARNING] The resource http://localhost:3000/_next/static/media/d41831e24743a3c1-s.p.02r-fjhi~6g_a.woff2 was preloaded using link preload but not used within a few seconds from the window's load event. Please make sure it has an appropriate `as` value and it is preloaded intentionally. @ http://localhost:3000/:0
[  640304ms] [WARNING] The resource http://localhost:3000/_next/static/media/130b5bec7367fe75-s.p.0q2wrlgna7.s-.woff2 was preloaded using link preload but not used within a few seconds from the window's load event. Please make sure it has an appropriate `as` value and it is preloaded intentionally. @ http://localhost:3000/:0
[  640387ms] [ERROR] Failed to load resource: net::ERR_CONNECTION_REFUSED @ http://host.docker.internal:3001/api/v1/readings:0
[  643400ms] [WARNING] The resource http://localhost:3000/_next/static/media/6835223d91b5eb8f-s.p.00d826.jmdee7.woff2 was preloaded using link preload but not used within a few seconds from the window's load event. Please make sure it has an appropriate `as` value and it is preloaded intentionally. @ http://localhost:3000/:0
[  643402ms] [WARNING] The resource http://localhost:3000/_next/static/media/9ff27b8a0a8f3dc0-s.p.170gfl_1xpie6.woff2 was preloaded using link preload but not used within a few seconds from the window's load event. Please make sure it has an appropriate `as` value and it is preloaded intentionally. @ http://localhost:3000/:0
[  643402ms] [WARNING] The resource http://localhost:3000/_next/static/media/caa3a2e1cccd8315-s.p.09~u27dqhyhd6.woff2 was preloaded using link preload but not used within a few seconds from the window's load event. Please make sure it has an appropriate `as` value and it is preloaded intentionally. @ http://localhost:3000/:0
[  643402ms] [WARNING] The resource http://localhost:3000/_next/static/media/797e433ab948586e-s.p.08e28id.o-okb.woff2 was preloaded using link preload but not used within a few seconds from the window's load event. Please make sure it has an appropriate `as` value and it is preloaded intentionally. @ http://localhost:3000/:0
[  643402ms] [WARNING] The resource http://localhost:3000/_next/static/media/d41831e24743a3c1-s.p.02r-fjhi~6g_a.woff2 was preloaded using link preload but not used within a few seconds from the window's load event. Please make sure it has an appropriate `as` value and it is preloaded intentionally. @ http://localhost:3000/:0
[  643402ms] [WARNING] The resource http://localhost:3000/_next/static/media/130b5bec7367fe75-s.p.0q2wrlgna7.s-.woff2 was preloaded using link preload but not used within a few seconds from the window's load event. Please make sure it has an appropriate `as` value and it is preloaded intentionally. @ http://localhost:3000/:0
[  645702ms] [LOG] [Fast Refresh] rebuilding @ http://localhost:3000/_next/static/chunks/node_modules_next_dist_115brz8._.js:2477
[  646529ms] [LOG] [Fast Refresh] done in 933ms @ http://localhost:3000/_next/static/chunks/node_modules_next_dist_115brz8._.js:2477
[  646759ms] [VERBOSE] [DOM] Password field is not contained in a form: (More info: https://goo.gl/9p2vKq) %o @ http://localhost:3000/:0
[  646959ms] [INFO] %cDownload the React DevTools for a better development experience: https://react.dev/link/react-devtools font-weight:bold @ http://localhost:3000/_next/static/chunks/node_modules_next_dist_115brz8._.js:2477
[  647305ms] [LOG] [HMR] connected @ http://localhost:3000/_next/static/chunks/node_modules_next_dist_115brz8._.js:2477
[  647834ms] [VERBOSE] [DOM] Password field is not contained in a form: (More info: https://goo.gl/9p2vKq) %o @ http://localhost:3000/:0
[  650575ms] [WARNING] The resource http://localhost:3000/_next/static/media/6835223d91b5eb8f-s.p.00d826.jmdee7.woff2 was preloaded using link preload but not used within a few seconds from the window's load event. Please make sure it has an appropriate `as` value and it is preloaded intentionally. @ http://localhost:3000/:0
[  650575ms] [WARNING] The resource http://localhost:3000/_next/static/media/9ff27b8a0a8f3dc0-s.p.170gfl_1xpie6.woff2 was preloaded using link preload but not used within a few seconds from the window's load event. Please make sure it has an appropriate `as` value and it is preloaded intentionally. @ http://localhost:3000/:0
[  650575ms] [WARNING] The resource http://localhost:3000/_next/static/media/caa3a2e1cccd8315-s.p.09~u27dqhyhd6.woff2 was preloaded using link preload but not used within a few seconds from the window's load event. Please make sure it has an appropriate `as` value and it is preloaded intentionally. @ http://localhost:3000/:0
[  650575ms] [WARNING] The resource http://localhost:3000/_next/static/media/797e433ab948586e-s.p.08e28id.o-okb.woff2 was preloaded using link preload but not used within a few seconds from the window's load event. Please make sure it has an appropriate `as` value and it is preloaded intentionally. @ http://localhost:3000/:0
[  650575ms] [WARNING] The resource http://localhost:3000/_next/static/media/d41831e24743a3c1-s.p.02r-fjhi~6g_a.woff2 was preloaded using link preload but not used within a few seconds from the window's load event. Please make sure it has an appropriate `as` value and it is preloaded intentionally. @ http://localhost:3000/:0
[  650575ms] [WARNING] The resource http://localhost:3000/_next/static/media/130b5bec7367fe75-s.p.0q2wrlgna7.s-.woff2 was preloaded using link preload but not used within a few seconds from the window's load event. Please make sure it has an appropriate `as` value and it is preloaded intentionally. @ http://localhost:3000/:0
[  653622ms] [ERROR] Failed to load resource: net::ERR_CONNECTION_REFUSED @ http://host.docker.internal:3001/api/v1/auth/dev-login:0
[  656380ms] [ERROR] Failed to load resource: net::ERR_CONNECTION_REFUSED @ http://host.docker.internal:3001/api/v1/dashboard/kpis:0
[  656381ms] [ERROR] Failed to load resource: net::ERR_CONNECTION_REFUSED @ http://host.docker.internal:3001/api/v1/dashboard/consumption-trend:0
[  656392ms] [ERROR] Failed to load resource: net::ERR_CONNECTION_REFUSED @ http://host.docker.internal:3001/api/v1/dashboard/recent-activity:0
[  659408ms] [WARNING] The resource http://localhost:3000/_next/static/media/6835223d91b5eb8f-s.p.00d826.jmdee7.woff2 was preloaded using link preload but not used within a few seconds from the window's load event. Please make sure it has an appropriate `as` value and it is preloaded intentionally. @ http://localhost:3000/:0
[  659408ms] [WARNING] The resource http://localhost:3000/_next/static/media/9ff27b8a0a8f3dc0-s.p.170gfl_1xpie6.woff2 was preloaded using link preload but not used within a few seconds from the window's load event. Please make sure it has an appropriate `as` value and it is preloaded intentionally. @ http://localhost:3000/:0
[  659408ms] [WARNING] The resource http://localhost:3000/_next/static/media/caa3a2e1cccd8315-s.p.09~u27dqhyhd6.woff2 was preloaded using link preload but not used within a few seconds from the window's load event. Please make sure it has an appropriate `as` value and it is preloaded intentionally. @ http://localhost:3000/:0
[  659408ms] [WARNING] The resource http://localhost:3000/_next/static/media/797e433ab948586e-s.p.08e28id.o-okb.woff2 was preloaded using link preload but not used within a few seconds from the window's load event. Please make sure it has an appropriate `as` value and it is preloaded intentionally. @ http://localhost:3000/:0
[  659408ms] [WARNING] The resource http://localhost:3000/_next/static/media/d41831e24743a3c1-s.p.02r-fjhi~6g_a.woff2 was preloaded using link preload but not used within a few seconds from the window's load event. Please make sure it has an appropriate `as` value and it is preloaded intentionally. @ http://localhost:3000/:0
[  659408ms] [WARNING] The resource http://localhost:3000/_next/static/media/130b5bec7367fe75-s.p.0q2wrlgna7.s-.woff2 was preloaded using link preload but not used within a few seconds from the window's load event. Please make sure it has an appropriate `as` value and it is preloaded intentionally. @ http://localhost:3000/:0
[  659461ms] [ERROR] Failed to load resource: net::ERR_CONNECTION_REFUSED @ http://host.docker.internal:3001/api/v1/dashboard/kpis:0
[  659462ms] [ERROR] Failed to load resource: net::ERR_CONNECTION_REFUSED @ http://host.docker.internal:3001/api/v1/dashboard/consumption-trend:0
[  659462ms] [ERROR] Failed to load resource: net::ERR_CONNECTION_REFUSED @ http://host.docker.internal:3001/api/v1/dashboard/recent-activity:0
[  662466ms] [WARNING] The resource http://localhost:3000/_next/static/media/6835223d91b5eb8f-s.p.00d826.jmdee7.woff2 was preloaded using link preload but not used within a few seconds from the window's load event. Please make sure it has an appropriate `as` value and it is preloaded intentionally. @ http://localhost:3000/:0
[  662466ms] [WARNING] The resource http://localhost:3000/_next/static/media/9ff27b8a0a8f3dc0-s.p.170gfl_1xpie6.woff2 was preloaded using link preload but not used within a few seconds from the window's load event. Please make sure it has an appropriate `as` value and it is preloaded intentionally. @ http://localhost:3000/:0
[  662466ms] [WARNING] The resource http://localhost:3000/_next/static/media/caa3a2e1cccd8315-s.p.09~u27dqhyhd6.woff2 was preloaded using link preload but not used within a few seconds from the window's load event. Please make sure it has an appropriate `as` value and it is preloaded intentionally. @ http://localhost:3000/:0
[  662466ms] [WARNING] The resource http://localhost:3000/_next/static/media/797e433ab948586e-s.p.08e28id.o-okb.woff2 was preloaded using link preload but not used within a few seconds from the window's load event. Please make sure it has an appropriate `as` value and it is preloaded intentionally. @ http://localhost:3000/:0
[  662466ms] [WARNING] The resource http://localhost:3000/_next/static/media/d41831e24743a3c1-s.p.02r-fjhi~6g_a.woff2 was preloaded using link preload but not used within a few seconds from the window's load event. Please make sure it has an appropriate `as` value and it is preloaded intentionally. @ http://localhost:3000/:0
[  662466ms] [WARNING] The resource http://localhost:3000/_next/static/media/130b5bec7367fe75-s.p.0q2wrlgna7.s-.woff2 was preloaded using link preload but not used within a few seconds from the window's load event. Please make sure it has an appropriate `as` value and it is preloaded intentionally. @ http://localhost:3000/:0
[  793235ms] [ERROR] Failed to load resource: net::ERR_CONNECTION_REFUSED @ http://host.docker.internal:3001/api/v1/readings:0
[  796251ms] [WARNING] The resource http://localhost:3000/_next/static/media/6835223d91b5eb8f-s.p.00d826.jmdee7.woff2 was preloaded using link preload but not used within a few seconds from the window's load event. Please make sure it has an appropriate `as` value and it is preloaded intentionally. @ http://localhost:3000/:0
[  796251ms] [WARNING] The resource http://localhost:3000/_next/static/media/9ff27b8a0a8f3dc0-s.p.170gfl_1xpie6.woff2 was preloaded using link preload but not used within a few seconds from the window's load event. Please make sure it has an appropriate `as` value and it is preloaded intentionally. @ http://localhost:3000/:0
[  796251ms] [WARNING] The resource http://localhost:3000/_next/static/media/caa3a2e1cccd8315-s.p.09~u27dqhyhd6.woff2 was preloaded using link preload but not used within a few seconds from the window's load event. Please make sure it has an appropriate `as` value and it is preloaded intentionally. @ http://localhost:3000/:0
[  796251ms] [WARNING] The resource http://localhost:3000/_next/static/media/797e433ab948586e-s.p.08e28id.o-okb.woff2 was preloaded using link preload but not used within a few seconds from the window's load event. Please make sure it has an appropriate `as` value and it is preloaded intentionally. @ http://localhost:3000/:0
[  796251ms] [WARNING] The resource http://localhost:3000/_next/static/media/d41831e24743a3c1-s.p.02r-fjhi~6g_a.woff2 was preloaded using link preload but not used within a few seconds from the window's load event. Please make sure it has an appropriate `as` value and it is preloaded intentionally. @ http://localhost:3000/:0
[  796251ms] [WARNING] The resource http://localhost:3000/_next/static/media/130b5bec7367fe75-s.p.0q2wrlgna7.s-.woff2 was preloaded using link preload but not used within a few seconds from the window's load event. Please make sure it has an appropriate `as` value and it is preloaded intentionally. @ http://localhost:3000/:0
[  796318ms] [ERROR] Failed to load resource: net::ERR_CONNECTION_REFUSED @ http://host.docker.internal:3001/api/v1/readings:0
[  799331ms] [WARNING] The resource http://localhost:3000/_next/static/media/6835223d91b5eb8f-s.p.00d826.jmdee7.woff2 was preloaded using link preload but not used within a few seconds from the window's load event. Please make sure it has an appropriate `as` value and it is preloaded intentionally. @ http://localhost:3000/:0
[  799331ms] [WARNING] The resource http://localhost:3000/_next/static/media/9ff27b8a0a8f3dc0-s.p.170gfl_1xpie6.woff2 was preloaded using link preload but not used within a few seconds from the window's load event. Please make sure it has an appropriate `as` value and it is preloaded intentionally. @ http://localhost:3000/:0
[  799331ms] [WARNING] The resource http://localhost:3000/_next/static/media/caa3a2e1cccd8315-s.p.09~u27dqhyhd6.woff2 was preloaded using link preload but not used within a few seconds from the window's load event. Please make sure it has an appropriate `as` value and it is preloaded intentionally. @ http://localhost:3000/:0
[  799331ms] [WARNING] The resource http://localhost:3000/_next/static/media/797e433ab948586e-s.p.08e28id.o-okb.woff2 was preloaded using link preload but not used within a few seconds from the window's load event. Please make sure it has an appropriate `as` value and it is preloaded intentionally. @ http://localhost:3000/:0
[  799331ms] [WARNING] The resource http://localhost:3000/_next/static/media/d41831e24743a3c1-s.p.02r-fjhi~6g_a.woff2 was preloaded using link preload but not used within a few seconds from the window's load event. Please make sure it has an appropriate `as` value and it is preloaded intentionally. @ http://localhost:3000/:0
[  799331ms] [WARNING] The resource http://localhost:3000/_next/static/media/130b5bec7367fe75-s.p.0q2wrlgna7.s-.woff2 was preloaded using link preload but not used within a few seconds from the window's load event. Please make sure it has an appropriate `as` value and it is preloaded intentionally. @ http://localhost:3000/:0
[  891749ms] [ERROR] Failed to load resource: net::ERR_CONNECTION_REFUSED @ http://host.docker.internal:3001/api/v1/dashboard/kpis:0
[  891749ms] [ERROR] Failed to load resource: net::ERR_CONNECTION_REFUSED @ http://host.docker.internal:3001/api/v1/dashboard/consumption-trend:0
[  892262ms] [ERROR] Failed to load resource: net::ERR_CONNECTION_REFUSED @ http://host.docker.internal:3001/api/v1/dashboard/recent-activity:0
[  892270ms] [ERROR] Failed to load resource: net::ERR_CONNECTION_REFUSED @ http://host.docker.internal:3001/api/v1/projects:0
[  893815ms] [ERROR] Failed to load resource: net::ERR_CONNECTION_REFUSED @ http://host.docker.internal:3001/api/v1/projects:0
[  896817ms] [WARNING] The resource http://localhost:3000/_next/static/media/6835223d91b5eb8f-s.p.00d826.jmdee7.woff2 was preloaded using link preload but not used within a few seconds from the window's load event. Please make sure it has an appropriate `as` value and it is preloaded intentionally. @ http://localhost:3000/:0
[  896817ms] [WARNING] The resource http://localhost:3000/_next/static/media/9ff27b8a0a8f3dc0-s.p.170gfl_1xpie6.woff2 was preloaded using link preload but not used within a few seconds from the window's load event. Please make sure it has an appropriate `as` value and it is preloaded intentionally. @ http://localhost:3000/:0
[  896817ms] [WARNING] The resource http://localhost:3000/_next/static/media/caa3a2e1cccd8315-s.p.09~u27dqhyhd6.woff2 was preloaded using link preload but not used within a few seconds from the window's load event. Please make sure it has an appropriate `as` value and it is preloaded intentionally. @ http://localhost:3000/:0
[  896817ms] [WARNING] The resource http://localhost:3000/_next/static/media/797e433ab948586e-s.p.08e28id.o-okb.woff2 was preloaded using link preload but not used within a few seconds from the window's load event. Please make sure it has an appropriate `as` value and it is preloaded intentionally. @ http://localhost:3000/:0
[  896817ms] [WARNING] The resource http://localhost:3000/_next/static/media/d41831e24743a3c1-s.p.02r-fjhi~6g_a.woff2 was preloaded using link preload but not used within a few seconds from the window's load event. Please make sure it has an appropriate `as` value and it is preloaded intentionally. @ http://localhost:3000/:0
[  896817ms] [WARNING] The resource http://localhost:3000/_next/static/media/130b5bec7367fe75-s.p.0q2wrlgna7.s-.woff2 was preloaded using link preload but not used within a few seconds from the window's load event. Please make sure it has an appropriate `as` value and it is preloaded intentionally. @ http://localhost:3000/:0
