[     260ms] [LOG] [Fast Refresh] rebuilding @ http://localhost:3000/_next/static/chunks/node_modules_next_dist_115brz8._.js:2477
[     461ms] [LOG] [Fast Refresh] done in 310ms @ http://localhost:3000/_next/static/chunks/node_modules_next_dist_115brz8._.js:2477
[     650ms] [VERBOSE] [DOM] Password field is not contained in a form: (More info: https://goo.gl/9p2vKq) %o @ http://localhost:3000/:0
[     784ms] [INFO] %cDownload the React DevTools for a better development experience: https://react.dev/link/react-devtools font-weight:bold @ http://localhost:3000/_next/static/chunks/node_modules_next_dist_115brz8._.js:2477
[     942ms] [LOG] [HMR] connected @ http://localhost:3000/_next/static/chunks/node_modules_next_dist_115brz8._.js:2477
[    1132ms] [LOG] [Fast Refresh] rebuilding @ http://localhost:3000/_next/static/chunks/node_modules_next_dist_115brz8._.js:2477
[    1133ms] [LOG] [Fast Refresh] done in 126ms @ http://localhost:3000/_next/static/chunks/node_modules_next_dist_115brz8._.js:2477
[    1359ms] [VERBOSE] [DOM] Password field is not contained in a form: (More info: https://goo.gl/9p2vKq) %o @ http://localhost:3000/:0
[    4134ms] [WARNING] The resource http://localhost:3000/_next/static/media/6835223d91b5eb8f-s.p.00d826.jmdee7.woff2 was preloaded using link preload but not used within a few seconds from the window's load event. Please make sure it has an appropriate `as` value and it is preloaded intentionally. @ http://localhost:3000/:0
[    4134ms] [WARNING] The resource http://localhost:3000/_next/static/media/9ff27b8a0a8f3dc0-s.p.170gfl_1xpie6.woff2 was preloaded using link preload but not used within a few seconds from the window's load event. Please make sure it has an appropriate `as` value and it is preloaded intentionally. @ http://localhost:3000/:0
[    4134ms] [WARNING] The resource http://localhost:3000/_next/static/media/caa3a2e1cccd8315-s.p.09~u27dqhyhd6.woff2 was preloaded using link preload but not used within a few seconds from the window's load event. Please make sure it has an appropriate `as` value and it is preloaded intentionally. @ http://localhost:3000/:0
[    4134ms] [WARNING] The resource http://localhost:3000/_next/static/media/797e433ab948586e-s.p.08e28id.o-okb.woff2 was preloaded using link preload but not used within a few seconds from the window's load event. Please make sure it has an appropriate `as` value and it is preloaded intentionally. @ http://localhost:3000/:0
[    4134ms] [WARNING] The resource http://localhost:3000/_next/static/media/d41831e24743a3c1-s.p.02r-fjhi~6g_a.woff2 was preloaded using link preload but not used within a few seconds from the window's load event. Please make sure it has an appropriate `as` value and it is preloaded intentionally. @ http://localhost:3000/:0
[    4134ms] [WARNING] The resource http://localhost:3000/_next/static/media/130b5bec7367fe75-s.p.0q2wrlgna7.s-.woff2 was preloaded using link preload but not used within a few seconds from the window's load event. Please make sure it has an appropriate `as` value and it is preloaded intentionally. @ http://localhost:3000/:0
[   19757ms] [ERROR] Failed to load resource: net::ERR_CONNECTION_REFUSED @ http://host.docker.internal:3001/api/v1/auth/dev-login:0
[   22124ms] [ERROR] Failed to load resource: net::ERR_CONNECTION_REFUSED @ http://host.docker.internal:3001/api/v1/dashboard/kpis:0
[   22129ms] [ERROR] Failed to load resource: net::ERR_CONNECTION_REFUSED @ http://host.docker.internal:3001/api/v1/dashboard/consumption-trend:0
[   22129ms] [ERROR] Failed to load resource: net::ERR_CONNECTION_REFUSED @ http://host.docker.internal:3001/api/v1/dashboard/recent-activity:0
[   22408ms] [ERROR] Failed to load resource: net::ERR_CONNECTION_REFUSED @ http://host.docker.internal:3001/api/v1/projects:0
[   25409ms] [WARNING] The resource http://localhost:3000/_next/static/media/6835223d91b5eb8f-s.p.00d826.jmdee7.woff2 was preloaded using link preload but not used within a few seconds from the window's load event. Please make sure it has an appropriate `as` value and it is preloaded intentionally. @ http://localhost:3000/:0
[   25409ms] [WARNING] The resource http://localhost:3000/_next/static/media/9ff27b8a0a8f3dc0-s.p.170gfl_1xpie6.woff2 was preloaded using link preload but not used within a few seconds from the window's load event. Please make sure it has an appropriate `as` value and it is preloaded intentionally. @ http://localhost:3000/:0
[   25409ms] [WARNING] The resource http://localhost:3000/_next/static/media/caa3a2e1cccd8315-s.p.09~u27dqhyhd6.woff2 was preloaded using link preload but not used within a few seconds from the window's load event. Please make sure it has an appropriate `as` value and it is preloaded intentionally. @ http://localhost:3000/:0
[   25409ms] [WARNING] The resource http://localhost:3000/_next/static/media/797e433ab948586e-s.p.08e28id.o-okb.woff2 was preloaded using link preload but not used within a few seconds from the window's load event. Please make sure it has an appropriate `as` value and it is preloaded intentionally. @ http://localhost:3000/:0
[   25409ms] [WARNING] The resource http://localhost:3000/_next/static/media/d41831e24743a3c1-s.p.02r-fjhi~6g_a.woff2 was preloaded using link preload but not used within a few seconds from the window's load event. Please make sure it has an appropriate `as` value and it is preloaded intentionally. @ http://localhost:3000/:0
[   25409ms] [WARNING] The resource http://localhost:3000/_next/static/media/130b5bec7367fe75-s.p.0q2wrlgna7.s-.woff2 was preloaded using link preload but not used within a few seconds from the window's load event. Please make sure it has an appropriate `as` value and it is preloaded intentionally. @ http://localhost:3000/:0
[   25480ms] [ERROR] Failed to load resource: net::ERR_CONNECTION_REFUSED @ http://host.docker.internal:3001/api/v1/projects:0
[   28489ms] [WARNING] The resource http://localhost:3000/_next/static/media/6835223d91b5eb8f-s.p.00d826.jmdee7.woff2 was preloaded using link preload but not used within a few seconds from the window's load event. Please make sure it has an appropriate `as` value and it is preloaded intentionally. @ http://localhost:3000/:0
[   28489ms] [WARNING] The resource http://localhost:3000/_next/static/media/9ff27b8a0a8f3dc0-s.p.170gfl_1xpie6.woff2 was preloaded using link preload but not used within a few seconds from the window's load event. Please make sure it has an appropriate `as` value and it is preloaded intentionally. @ http://localhost:3000/:0
[   28489ms] [WARNING] The resource http://localhost:3000/_next/static/media/caa3a2e1cccd8315-s.p.09~u27dqhyhd6.woff2 was preloaded using link preload but not used within a few seconds from the window's load event. Please make sure it has an appropriate `as` value and it is preloaded intentionally. @ http://localhost:3000/:0
[   28489ms] [WARNING] The resource http://localhost:3000/_next/static/media/797e433ab948586e-s.p.08e28id.o-okb.woff2 was preloaded using link preload but not used within a few seconds from the window's load event. Please make sure it has an appropriate `as` value and it is preloaded intentionally. @ http://localhost:3000/:0
[   28489ms] [WARNING] The resource http://localhost:3000/_next/static/media/d41831e24743a3c1-s.p.02r-fjhi~6g_a.woff2 was preloaded using link preload but not used within a few seconds from the window's load event. Please make sure it has an appropriate `as` value and it is preloaded intentionally. @ http://localhost:3000/:0
[   28489ms] [WARNING] The resource http://localhost:3000/_next/static/media/130b5bec7367fe75-s.p.0q2wrlgna7.s-.woff2 was preloaded using link preload but not used within a few seconds from the window's load event. Please make sure it has an appropriate `as` value and it is preloaded intentionally. @ http://localhost:3000/:0
[   37214ms] [ERROR] Failed to load resource: net::ERR_CONNECTION_REFUSED @ http://host.docker.internal:3001/api/v1/dashboard/kpis:0
[   37214ms] [ERROR] Failed to load resource: net::ERR_CONNECTION_REFUSED @ http://host.docker.internal:3001/api/v1/dashboard/consumption-trend:0
[   37802ms] [ERROR] Failed to load resource: net::ERR_CONNECTION_REFUSED @ http://host.docker.internal:3001/api/v1/dashboard/recent-activity:0
[   38370ms] [ERROR] Failed to load resource: net::ERR_CONNECTION_REFUSED @ http://host.docker.internal:3001/api/v1/projects:0
[   40619ms] [ERROR] Failed to load resource: net::ERR_CONNECTION_REFUSED @ http://host.docker.internal:3001/api/v1/projects:0
[   43627ms] [WARNING] The resource http://localhost:3000/_next/static/media/6835223d91b5eb8f-s.p.00d826.jmdee7.woff2 was preloaded using link preload but not used within a few seconds from the window's load event. Please make sure it has an appropriate `as` value and it is preloaded intentionally. @ http://localhost:3000/:0
[   43628ms] [WARNING] The resource http://localhost:3000/_next/static/media/9ff27b8a0a8f3dc0-s.p.170gfl_1xpie6.woff2 was preloaded using link preload but not used within a few seconds from the window's load event. Please make sure it has an appropriate `as` value and it is preloaded intentionally. @ http://localhost:3000/:0
[   43628ms] [WARNING] The resource http://localhost:3000/_next/static/media/caa3a2e1cccd8315-s.p.09~u27dqhyhd6.woff2 was preloaded using link preload but not used within a few seconds from the window's load event. Please make sure it has an appropriate `as` value and it is preloaded intentionally. @ http://localhost:3000/:0
[   43628ms] [WARNING] The resource http://localhost:3000/_next/static/media/797e433ab948586e-s.p.08e28id.o-okb.woff2 was preloaded using link preload but not used within a few seconds from the window's load event. Please make sure it has an appropriate `as` value and it is preloaded intentionally. @ http://localhost:3000/:0
[   43628ms] [WARNING] The resource http://localhost:3000/_next/static/media/d41831e24743a3c1-s.p.02r-fjhi~6g_a.woff2 was preloaded using link preload but not used within a few seconds from the window's load event. Please make sure it has an appropriate `as` value and it is preloaded intentionally. @ http://localhost:3000/:0
[   43628ms] [WARNING] The resource http://localhost:3000/_next/static/media/130b5bec7367fe75-s.p.0q2wrlgna7.s-.woff2 was preloaded using link preload but not used within a few seconds from the window's load event. Please make sure it has an appropriate `as` value and it is preloaded intentionally. @ http://localhost:3000/:0
[   51026ms] [ERROR] Failed to load resource: net::ERR_CONNECTION_REFUSED @ http://host.docker.internal:3001/api/v1/projects:0
[   51314ms] [ERROR] Failed to load resource: net::ERR_CONNECTION_REFUSED @ http://host.docker.internal:3001/api/v1/sim-cards:0
[   52121ms] [ERROR] Failed to load resource: net::ERR_CONNECTION_REFUSED @ http://host.docker.internal:3001/api/v1/projects/PRJ-001/water-balance?from=2026-01-01&to=2026-01-31:0
[   54080ms] [ERROR] Failed to load resource: net::ERR_CONNECTION_REFUSED @ http://host.docker.internal:3001/api/v1/invoices:0
[   54585ms] [ERROR] Failed to load resource: net::ERR_CONNECTION_REFUSED @ http://host.docker.internal:3001/api/v1/payments:0
[   60062ms] [WARNING] The resource http://localhost:3000/_next/static/media/6835223d91b5eb8f-s.p.00d826.jmdee7.woff2 was preloaded using link preload but not used within a few seconds from the window's load event. Please make sure it has an appropriate `as` value and it is preloaded intentionally. @ http://localhost:3000/:0
[   60062ms] [WARNING] The resource http://localhost:3000/_next/static/media/9ff27b8a0a8f3dc0-s.p.170gfl_1xpie6.woff2 was preloaded using link preload but not used within a few seconds from the window's load event. Please make sure it has an appropriate `as` value and it is preloaded intentionally. @ http://localhost:3000/:0
[   60062ms] [WARNING] The resource http://localhost:3000/_next/static/media/caa3a2e1cccd8315-s.p.09~u27dqhyhd6.woff2 was preloaded using link preload but not used within a few seconds from the window's load event. Please make sure it has an appropriate `as` value and it is preloaded intentionally. @ http://localhost:3000/:0
[   60062ms] [WARNING] The resource http://localhost:3000/_next/static/media/797e433ab948586e-s.p.08e28id.o-okb.woff2 was preloaded using link preload but not used within a few seconds from the window's load event. Please make sure it has an appropriate `as` value and it is preloaded intentionally. @ http://localhost:3000/:0
[   60062ms] [WARNING] The resource http://localhost:3000/_next/static/media/d41831e24743a3c1-s.p.02r-fjhi~6g_a.woff2 was preloaded using link preload but not used within a few seconds from the window's load event. Please make sure it has an appropriate `as` value and it is preloaded intentionally. @ http://localhost:3000/:0
[   60062ms] [WARNING] The resource http://localhost:3000/_next/static/media/130b5bec7367fe75-s.p.0q2wrlgna7.s-.woff2 was preloaded using link preload but not used within a few seconds from the window's load event. Please make sure it has an appropriate `as` value and it is preloaded intentionally. @ http://localhost:3000/:0
[   73317ms] [ERROR] Failed to load resource: net::ERR_CONNECTION_REFUSED @ http://host.docker.internal:3001/api/v1/dashboard/kpis:0
[   73317ms] [ERROR] Failed to load resource: net::ERR_CONNECTION_REFUSED @ http://host.docker.internal:3001/api/v1/dashboard/consumption-trend:0
[   74076ms] [ERROR] Failed to load resource: net::ERR_CONNECTION_REFUSED @ http://host.docker.internal:3001/api/v1/dashboard/recent-activity:0
[   76490ms] [ERROR] Failed to load resource: net::ERR_CONNECTION_REFUSED @ http://host.docker.internal:3001/api/v1/invoices:0
[   76997ms] [ERROR] Failed to load resource: net::ERR_CONNECTION_REFUSED @ http://host.docker.internal:3001/api/v1/payments:0
[   80247ms] [WARNING] The resource http://localhost:3000/_next/static/media/6835223d91b5eb8f-s.p.00d826.jmdee7.woff2 was preloaded using link preload but not used within a few seconds from the window's load event. Please make sure it has an appropriate `as` value and it is preloaded intentionally. @ http://localhost:3000/:0
[   80247ms] [WARNING] The resource http://localhost:3000/_next/static/media/9ff27b8a0a8f3dc0-s.p.170gfl_1xpie6.woff2 was preloaded using link preload but not used within a few seconds from the window's load event. Please make sure it has an appropriate `as` value and it is preloaded intentionally. @ http://localhost:3000/:0
[   80247ms] [WARNING] The resource http://localhost:3000/_next/static/media/caa3a2e1cccd8315-s.p.09~u27dqhyhd6.woff2 was preloaded using link preload but not used within a few seconds from the window's load event. Please make sure it has an appropriate `as` value and it is preloaded intentionally. @ http://localhost:3000/:0
[   80247ms] [WARNING] The resource http://localhost:3000/_next/static/media/797e433ab948586e-s.p.08e28id.o-okb.woff2 was preloaded using link preload but not used within a few seconds from the window's load event. Please make sure it has an appropriate `as` value and it is preloaded intentionally. @ http://localhost:3000/:0
[   80247ms] [WARNING] The resource http://localhost:3000/_next/static/media/d41831e24743a3c1-s.p.02r-fjhi~6g_a.woff2 was preloaded using link preload but not used within a few seconds from the window's load event. Please make sure it has an appropriate `as` value and it is preloaded intentionally. @ http://localhost:3000/:0
[   80247ms] [WARNING] The resource http://localhost:3000/_next/static/media/130b5bec7367fe75-s.p.0q2wrlgna7.s-.woff2 was preloaded using link preload but not used within a few seconds from the window's load event. Please make sure it has an appropriate `as` value and it is preloaded intentionally. @ http://localhost:3000/:0
[   80682ms] [ERROR] Failed to load resource: net::ERR_CONNECTION_REFUSED @ http://host.docker.internal:3001/api/v1/projects/PRJ-001/water-balance?from=2026-01-01&to=2026-01-31:0
[   83696ms] [WARNING] The resource http://localhost:3000/_next/static/media/6835223d91b5eb8f-s.p.00d826.jmdee7.woff2 was preloaded using link preload but not used within a few seconds from the window's load event. Please make sure it has an appropriate `as` value and it is preloaded intentionally. @ http://localhost:3000/:0
[   83696ms] [WARNING] The resource http://localhost:3000/_next/static/media/9ff27b8a0a8f3dc0-s.p.170gfl_1xpie6.woff2 was preloaded using link preload but not used within a few seconds from the window's load event. Please make sure it has an appropriate `as` value and it is preloaded intentionally. @ http://localhost:3000/:0
[   83697ms] [WARNING] The resource http://localhost:3000/_next/static/media/caa3a2e1cccd8315-s.p.09~u27dqhyhd6.woff2 was preloaded using link preload but not used within a few seconds from the window's load event. Please make sure it has an appropriate `as` value and it is preloaded intentionally. @ http://localhost:3000/:0
[   83697ms] [WARNING] The resource http://localhost:3000/_next/static/media/797e433ab948586e-s.p.08e28id.o-okb.woff2 was preloaded using link preload but not used within a few seconds from the window's load event. Please make sure it has an appropriate `as` value and it is preloaded intentionally. @ http://localhost:3000/:0
[   83697ms] [WARNING] The resource http://localhost:3000/_next/static/media/d41831e24743a3c1-s.p.02r-fjhi~6g_a.woff2 was preloaded using link preload but not used within a few seconds from the window's load event. Please make sure it has an appropriate `as` value and it is preloaded intentionally. @ http://localhost:3000/:0
[   83697ms] [WARNING] The resource http://localhost:3000/_next/static/media/130b5bec7367fe75-s.p.0q2wrlgna7.s-.woff2 was preloaded using link preload but not used within a few seconds from the window's load event. Please make sure it has an appropriate `as` value and it is preloaded intentionally. @ http://localhost:3000/:0
[  171304ms] [ERROR] Failed to load resource: net::ERR_CONNECTION_REFUSED @ http://host.docker.internal:3001/api/v1/meters:0
[  174306ms] [WARNING] The resource http://localhost:3000/_next/static/media/6835223d91b5eb8f-s.p.00d826.jmdee7.woff2 was preloaded using link preload but not used within a few seconds from the window's load event. Please make sure it has an appropriate `as` value and it is preloaded intentionally. @ http://localhost:3000/:0
[  174306ms] [WARNING] The resource http://localhost:3000/_next/static/media/9ff27b8a0a8f3dc0-s.p.170gfl_1xpie6.woff2 was preloaded using link preload but not used within a few seconds from the window's load event. Please make sure it has an appropriate `as` value and it is preloaded intentionally. @ http://localhost:3000/:0
[  174306ms] [WARNING] The resource http://localhost:3000/_next/static/media/caa3a2e1cccd8315-s.p.09~u27dqhyhd6.woff2 was preloaded using link preload but not used within a few seconds from the window's load event. Please make sure it has an appropriate `as` value and it is preloaded intentionally. @ http://localhost:3000/:0
[  174306ms] [WARNING] The resource http://localhost:3000/_next/static/media/797e433ab948586e-s.p.08e28id.o-okb.woff2 was preloaded using link preload but not used within a few seconds from the window's load event. Please make sure it has an appropriate `as` value and it is preloaded intentionally. @ http://localhost:3000/:0
[  174306ms] [WARNING] The resource http://localhost:3000/_next/static/media/d41831e24743a3c1-s.p.02r-fjhi~6g_a.woff2 was preloaded using link preload but not used within a few seconds from the window's load event. Please make sure it has an appropriate `as` value and it is preloaded intentionally. @ http://localhost:3000/:0
[  174306ms] [WARNING] The resource http://localhost:3000/_next/static/media/130b5bec7367fe75-s.p.0q2wrlgna7.s-.woff2 was preloaded using link preload but not used within a few seconds from the window's load event. Please make sure it has an appropriate `as` value and it is preloaded intentionally. @ http://localhost:3000/:0
[  260977ms] [WARNING] The resource http://localhost:3000/_next/static/media/6835223d91b5eb8f-s.p.00d826.jmdee7.woff2 was preloaded using link preload but not used within a few seconds from the window's load event. Please make sure it has an appropriate `as` value and it is preloaded intentionally. @ http://localhost:3000/:0
[  260977ms] [WARNING] The resource http://localhost:3000/_next/static/media/9ff27b8a0a8f3dc0-s.p.170gfl_1xpie6.woff2 was preloaded using link preload but not used within a few seconds from the window's load event. Please make sure it has an appropriate `as` value and it is preloaded intentionally. @ http://localhost:3000/:0
[  260977ms] [WARNING] The resource http://localhost:3000/_next/static/media/caa3a2e1cccd8315-s.p.09~u27dqhyhd6.woff2 was preloaded using link preload but not used within a few seconds from the window's load event. Please make sure it has an appropriate `as` value and it is preloaded intentionally. @ http://localhost:3000/:0
[  260977ms] [WARNING] The resource http://localhost:3000/_next/static/media/797e433ab948586e-s.p.08e28id.o-okb.woff2 was preloaded using link preload but not used within a few seconds from the window's load event. Please make sure it has an appropriate `as` value and it is preloaded intentionally. @ http://localhost:3000/:0
[  260977ms] [WARNING] The resource http://localhost:3000/_next/static/media/d41831e24743a3c1-s.p.02r-fjhi~6g_a.woff2 was preloaded using link preload but not used within a few seconds from the window's load event. Please make sure it has an appropriate `as` value and it is preloaded intentionally. @ http://localhost:3000/:0
[  260977ms] [WARNING] The resource http://localhost:3000/_next/static/media/130b5bec7367fe75-s.p.0q2wrlgna7.s-.woff2 was preloaded using link preload but not used within a few seconds from the window's load event. Please make sure it has an appropriate `as` value and it is preloaded intentionally. @ http://localhost:3000/:0
[  301132ms] [WARNING] The resource http://localhost:3000/_next/static/media/6835223d91b5eb8f-s.p.00d826.jmdee7.woff2 was preloaded using link preload but not used within a few seconds from the window's load event. Please make sure it has an appropriate `as` value and it is preloaded intentionally. @ http://localhost:3000/:0
[  301132ms] [WARNING] The resource http://localhost:3000/_next/static/media/9ff27b8a0a8f3dc0-s.p.170gfl_1xpie6.woff2 was preloaded using link preload but not used within a few seconds from the window's load event. Please make sure it has an appropriate `as` value and it is preloaded intentionally. @ http://localhost:3000/:0
[  301132ms] [WARNING] The resource http://localhost:3000/_next/static/media/caa3a2e1cccd8315-s.p.09~u27dqhyhd6.woff2 was preloaded using link preload but not used within a few seconds from the window's load event. Please make sure it has an appropriate `as` value and it is preloaded intentionally. @ http://localhost:3000/:0
[  301132ms] [WARNING] The resource http://localhost:3000/_next/static/media/797e433ab948586e-s.p.08e28id.o-okb.woff2 was preloaded using link preload but not used within a few seconds from the window's load event. Please make sure it has an appropriate `as` value and it is preloaded intentionally. @ http://localhost:3000/:0
[  301132ms] [WARNING] The resource http://localhost:3000/_next/static/media/d41831e24743a3c1-s.p.02r-fjhi~6g_a.woff2 was preloaded using link preload but not used within a few seconds from the window's load event. Please make sure it has an appropriate `as` value and it is preloaded intentionally. @ http://localhost:3000/:0
[  301132ms] [WARNING] The resource http://localhost:3000/_next/static/media/130b5bec7367fe75-s.p.0q2wrlgna7.s-.woff2 was preloaded using link preload but not used within a few seconds from the window's load event. Please make sure it has an appropriate `as` value and it is preloaded intentionally. @ http://localhost:3000/:0
[  307958ms] [ERROR] Failed to load resource: net::ERR_CONNECTION_REFUSED @ http://host.docker.internal:3001/api/v1/projects:0
[  307958ms] [ERROR] Failed to load resource: net::ERR_CONNECTION_REFUSED @ http://host.docker.internal:3001/api/v1/dashboard/kpis:0
[  310001ms] [ERROR] Failed to load resource: net::ERR_CONNECTION_REFUSED @ http://host.docker.internal:3001/api/v1/dashboard/consumption-trend:0
[  310002ms] [ERROR] Failed to load resource: net::ERR_CONNECTION_REFUSED @ http://host.docker.internal:3001/api/v1/dashboard/recent-activity:0
[  311072ms] [ERROR] Failed to load resource: net::ERR_CONNECTION_REFUSED @ http://host.docker.internal:3001/api/v1/dashboard/kpis:0
[  311543ms] [ERROR] Failed to load resource: net::ERR_CONNECTION_REFUSED @ http://host.docker.internal:3001/api/v1/dashboard/consumption-trend:0
[  313146ms] [ERROR] Failed to load resource: net::ERR_CONNECTION_REFUSED @ http://host.docker.internal:3001/api/v1/dashboard/recent-activity:0
[  316159ms] [WARNING] The resource http://localhost:3000/_next/static/media/6835223d91b5eb8f-s.p.00d826.jmdee7.woff2 was preloaded using link preload but not used within a few seconds from the window's load event. Please make sure it has an appropriate `as` value and it is preloaded intentionally. @ http://localhost:3000/:0
[  316160ms] [WARNING] The resource http://localhost:3000/_next/static/media/9ff27b8a0a8f3dc0-s.p.170gfl_1xpie6.woff2 was preloaded using link preload but not used within a few seconds from the window's load event. Please make sure it has an appropriate `as` value and it is preloaded intentionally. @ http://localhost:3000/:0
[  316160ms] [WARNING] The resource http://localhost:3000/_next/static/media/caa3a2e1cccd8315-s.p.09~u27dqhyhd6.woff2 was preloaded using link preload but not used within a few seconds from the window's load event. Please make sure it has an appropriate `as` value and it is preloaded intentionally. @ http://localhost:3000/:0
[  316160ms] [WARNING] The resource http://localhost:3000/_next/static/media/797e433ab948586e-s.p.08e28id.o-okb.woff2 was preloaded using link preload but not used within a few seconds from the window's load event. Please make sure it has an appropriate `as` value and it is preloaded intentionally. @ http://localhost:3000/:0
[  316160ms] [WARNING] The resource http://localhost:3000/_next/static/media/d41831e24743a3c1-s.p.02r-fjhi~6g_a.woff2 was preloaded using link preload but not used within a few seconds from the window's load event. Please make sure it has an appropriate `as` value and it is preloaded intentionally. @ http://localhost:3000/:0
[  316160ms] [WARNING] The resource http://localhost:3000/_next/static/media/130b5bec7367fe75-s.p.0q2wrlgna7.s-.woff2 was preloaded using link preload but not used within a few seconds from the window's load event. Please make sure it has an appropriate `as` value and it is preloaded intentionally. @ http://localhost:3000/:0
[  326191ms] [WARNING] The resource http://localhost:3000/_next/static/media/6835223d91b5eb8f-s.p.00d826.jmdee7.woff2 was preloaded using link preload but not used within a few seconds from the window's load event. Please make sure it has an appropriate `as` value and it is preloaded intentionally. @ http://localhost:3000/:0
[  326191ms] [WARNING] The resource http://localhost:3000/_next/static/media/9ff27b8a0a8f3dc0-s.p.170gfl_1xpie6.woff2 was preloaded using link preload but not used within a few seconds from the window's load event. Please make sure it has an appropriate `as` value and it is preloaded intentionally. @ http://localhost:3000/:0
[  326191ms] [WARNING] The resource http://localhost:3000/_next/static/media/caa3a2e1cccd8315-s.p.09~u27dqhyhd6.woff2 was preloaded using link preload but not used within a few seconds from the window's load event. Please make sure it has an appropriate `as` value and it is preloaded intentionally. @ http://localhost:3000/:0
[  326191ms] [WARNING] The resource http://localhost:3000/_next/static/media/797e433ab948586e-s.p.08e28id.o-okb.woff2 was preloaded using link preload but not used within a few seconds from the window's load event. Please make sure it has an appropriate `as` value and it is preloaded intentionally. @ http://localhost:3000/:0
[  326191ms] [WARNING] The resource http://localhost:3000/_next/static/media/d41831e24743a3c1-s.p.02r-fjhi~6g_a.woff2 was preloaded using link preload but not used within a few seconds from the window's load event. Please make sure it has an appropriate `as` value and it is preloaded intentionally. @ http://localhost:3000/:0
[  326191ms] [WARNING] The resource http://localhost:3000/_next/static/media/130b5bec7367fe75-s.p.0q2wrlgna7.s-.woff2 was preloaded using link preload but not used within a few seconds from the window's load event. Please make sure it has an appropriate `as` value and it is preloaded intentionally. @ http://localhost:3000/:0
[  326873ms] [ERROR] Failed to load resource: net::ERR_CONNECTION_REFUSED @ http://host.docker.internal:3001/api/v1/projects:0
[  329879ms] [WARNING] The resource http://localhost:3000/_next/static/media/6835223d91b5eb8f-s.p.00d826.jmdee7.woff2 was preloaded using link preload but not used within a few seconds from the window's load event. Please make sure it has an appropriate `as` value and it is preloaded intentionally. @ http://localhost:3000/:0
[  329879ms] [WARNING] The resource http://localhost:3000/_next/static/media/9ff27b8a0a8f3dc0-s.p.170gfl_1xpie6.woff2 was preloaded using link preload but not used within a few seconds from the window's load event. Please make sure it has an appropriate `as` value and it is preloaded intentionally. @ http://localhost:3000/:0
[  329879ms] [WARNING] The resource http://localhost:3000/_next/static/media/caa3a2e1cccd8315-s.p.09~u27dqhyhd6.woff2 was preloaded using link preload but not used within a few seconds from the window's load event. Please make sure it has an appropriate `as` value and it is preloaded intentionally. @ http://localhost:3000/:0
[  329879ms] [WARNING] The resource http://localhost:3000/_next/static/media/797e433ab948586e-s.p.08e28id.o-okb.woff2 was preloaded using link preload but not used within a few seconds from the window's load event. Please make sure it has an appropriate `as` value and it is preloaded intentionally. @ http://localhost:3000/:0
[  329880ms] [WARNING] The resource http://localhost:3000/_next/static/media/d41831e24743a3c1-s.p.02r-fjhi~6g_a.woff2 was preloaded using link preload but not used within a few seconds from the window's load event. Please make sure it has an appropriate `as` value and it is preloaded intentionally. @ http://localhost:3000/:0
[  329880ms] [WARNING] The resource http://localhost:3000/_next/static/media/130b5bec7367fe75-s.p.0q2wrlgna7.s-.woff2 was preloaded using link preload but not used within a few seconds from the window's load event. Please make sure it has an appropriate `as` value and it is preloaded intentionally. @ http://localhost:3000/:0
[  330573ms] [ERROR] Failed to load resource: net::ERR_CONNECTION_REFUSED @ http://host.docker.internal:3001/api/v1/projects:0
[  333577ms] [WARNING] The resource http://localhost:3000/_next/static/media/6835223d91b5eb8f-s.p.00d826.jmdee7.woff2 was preloaded using link preload but not used within a few seconds from the window's load event. Please make sure it has an appropriate `as` value and it is preloaded intentionally. @ http://localhost:3000/:0
[  333577ms] [WARNING] The resource http://localhost:3000/_next/static/media/9ff27b8a0a8f3dc0-s.p.170gfl_1xpie6.woff2 was preloaded using link preload but not used within a few seconds from the window's load event. Please make sure it has an appropriate `as` value and it is preloaded intentionally. @ http://localhost:3000/:0
[  333577ms] [WARNING] The resource http://localhost:3000/_next/static/media/caa3a2e1cccd8315-s.p.09~u27dqhyhd6.woff2 was preloaded using link preload but not used within a few seconds from the window's load event. Please make sure it has an appropriate `as` value and it is preloaded intentionally. @ http://localhost:3000/:0
[  333577ms] [WARNING] The resource http://localhost:3000/_next/static/media/797e433ab948586e-s.p.08e28id.o-okb.woff2 was preloaded using link preload but not used within a few seconds from the window's load event. Please make sure it has an appropriate `as` value and it is preloaded intentionally. @ http://localhost:3000/:0
[  333578ms] [WARNING] The resource http://localhost:3000/_next/static/media/d41831e24743a3c1-s.p.02r-fjhi~6g_a.woff2 was preloaded using link preload but not used within a few seconds from the window's load event. Please make sure it has an appropriate `as` value and it is preloaded intentionally. @ http://localhost:3000/:0
[  333578ms] [WARNING] The resource http://localhost:3000/_next/static/media/130b5bec7367fe75-s.p.0q2wrlgna7.s-.woff2 was preloaded using link preload but not used within a few seconds from the window's load event. Please make sure it has an appropriate `as` value and it is preloaded intentionally. @ http://localhost:3000/:0
[  348456ms] [ERROR] Failed to load resource: net::ERR_CONNECTION_REFUSED @ http://host.docker.internal:3001/api/v1/projects:0
[  351539ms] [ERROR] Failed to load resource: net::ERR_CONNECTION_REFUSED @ http://host.docker.internal:3001/api/v1/projects:0
[  351819ms] [ERROR] Failed to load resource: net::ERR_CONNECTION_REFUSED @ http://host.docker.internal:3001/api/v1/projects/PRJ-001/locations:0
[  353483ms] [ERROR] Failed to load resource: net::ERR_CONNECTION_REFUSED @ http://host.docker.internal:3001/api/v1/projects/PRJ-001/locations:0
[  354907ms] [ERROR] Failed to load resource: net::ERR_CONNECTION_REFUSED @ http://host.docker.internal:3001/api/v1/sim-cards:0
[  356537ms] [ERROR] Failed to load resource: net::ERR_CONNECTION_REFUSED @ http://host.docker.internal:3001/api/v1/sim-cards:0
[  359545ms] [WARNING] The resource http://localhost:3000/_next/static/media/6835223d91b5eb8f-s.p.00d826.jmdee7.woff2 was preloaded using link preload but not used within a few seconds from the window's load event. Please make sure it has an appropriate `as` value and it is preloaded intentionally. @ http://localhost:3000/:0
[  359546ms] [WARNING] The resource http://localhost:3000/_next/static/media/9ff27b8a0a8f3dc0-s.p.170gfl_1xpie6.woff2 was preloaded using link preload but not used within a few seconds from the window's load event. Please make sure it has an appropriate `as` value and it is preloaded intentionally. @ http://localhost:3000/:0
[  359546ms] [WARNING] The resource http://localhost:3000/_next/static/media/caa3a2e1cccd8315-s.p.09~u27dqhyhd6.woff2 was preloaded using link preload but not used within a few seconds from the window's load event. Please make sure it has an appropriate `as` value and it is preloaded intentionally. @ http://localhost:3000/:0
[  359546ms] [WARNING] The resource http://localhost:3000/_next/static/media/797e433ab948586e-s.p.08e28id.o-okb.woff2 was preloaded using link preload but not used within a few seconds from the window's load event. Please make sure it has an appropriate `as` value and it is preloaded intentionally. @ http://localhost:3000/:0
[  359546ms] [WARNING] The resource http://localhost:3000/_next/static/media/d41831e24743a3c1-s.p.02r-fjhi~6g_a.woff2 was preloaded using link preload but not used within a few seconds from the window's load event. Please make sure it has an appropriate `as` value and it is preloaded intentionally. @ http://localhost:3000/:0
[  359546ms] [WARNING] The resource http://localhost:3000/_next/static/media/130b5bec7367fe75-s.p.0q2wrlgna7.s-.woff2 was preloaded using link preload but not used within a few seconds from the window's load event. Please make sure it has an appropriate `as` value and it is preloaded intentionally. @ http://localhost:3000/:0
[  428896ms] [ERROR] Failed to load resource: net::ERR_CONNECTION_REFUSED @ http://host.docker.internal:3001/api/v1/projects:0
[  431900ms] [WARNING] The resource http://localhost:3000/_next/static/media/6835223d91b5eb8f-s.p.00d826.jmdee7.woff2 was preloaded using link preload but not used within a few seconds from the window's load event. Please make sure it has an appropriate `as` value and it is preloaded intentionally. @ http://localhost:3000/:0
[  431900ms] [WARNING] The resource http://localhost:3000/_next/static/media/9ff27b8a0a8f3dc0-s.p.170gfl_1xpie6.woff2 was preloaded using link preload but not used within a few seconds from the window's load event. Please make sure it has an appropriate `as` value and it is preloaded intentionally. @ http://localhost:3000/:0
[  431900ms] [WARNING] The resource http://localhost:3000/_next/static/media/caa3a2e1cccd8315-s.p.09~u27dqhyhd6.woff2 was preloaded using link preload but not used within a few seconds from the window's load event. Please make sure it has an appropriate `as` value and it is preloaded intentionally. @ http://localhost:3000/:0
[  431900ms] [WARNING] The resource http://localhost:3000/_next/static/media/797e433ab948586e-s.p.08e28id.o-okb.woff2 was preloaded using link preload but not used within a few seconds from the window's load event. Please make sure it has an appropriate `as` value and it is preloaded intentionally. @ http://localhost:3000/:0
[  431900ms] [WARNING] The resource http://localhost:3000/_next/static/media/d41831e24743a3c1-s.p.02r-fjhi~6g_a.woff2 was preloaded using link preload but not used within a few seconds from the window's load event. Please make sure it has an appropriate `as` value and it is preloaded intentionally. @ http://localhost:3000/:0
[  431901ms] [WARNING] The resource http://localhost:3000/_next/static/media/130b5bec7367fe75-s.p.0q2wrlgna7.s-.woff2 was preloaded using link preload but not used within a few seconds from the window's load event. Please make sure it has an appropriate `as` value and it is preloaded intentionally. @ http://localhost:3000/:0
[  431966ms] [ERROR] Failed to load resource: net::ERR_CONNECTION_REFUSED @ http://host.docker.internal:3001/api/v1/projects:0
[  434977ms] [WARNING] The resource http://localhost:3000/_next/static/media/6835223d91b5eb8f-s.p.00d826.jmdee7.woff2 was preloaded using link preload but not used within a few seconds from the window's load event. Please make sure it has an appropriate `as` value and it is preloaded intentionally. @ http://localhost:3000/:0
[  434977ms] [WARNING] The resource http://localhost:3000/_next/static/media/9ff27b8a0a8f3dc0-s.p.170gfl_1xpie6.woff2 was preloaded using link preload but not used within a few seconds from the window's load event. Please make sure it has an appropriate `as` value and it is preloaded intentionally. @ http://localhost:3000/:0
[  434977ms] [WARNING] The resource http://localhost:3000/_next/static/media/caa3a2e1cccd8315-s.p.09~u27dqhyhd6.woff2 was preloaded using link preload but not used within a few seconds from the window's load event. Please make sure it has an appropriate `as` value and it is preloaded intentionally. @ http://localhost:3000/:0
[  434977ms] [WARNING] The resource http://localhost:3000/_next/static/media/797e433ab948586e-s.p.08e28id.o-okb.woff2 was preloaded using link preload but not used within a few seconds from the window's load event. Please make sure it has an appropriate `as` value and it is preloaded intentionally. @ http://localhost:3000/:0
[  434977ms] [WARNING] The resource http://localhost:3000/_next/static/media/d41831e24743a3c1-s.p.02r-fjhi~6g_a.woff2 was preloaded using link preload but not used within a few seconds from the window's load event. Please make sure it has an appropriate `as` value and it is preloaded intentionally. @ http://localhost:3000/:0
[  434977ms] [WARNING] The resource http://localhost:3000/_next/static/media/130b5bec7367fe75-s.p.0q2wrlgna7.s-.woff2 was preloaded using link preload but not used within a few seconds from the window's load event. Please make sure it has an appropriate `as` value and it is preloaded intentionally. @ http://localhost:3000/:0
[  479533ms] [ERROR] Failed to load resource: net::ERR_CONNECTION_REFUSED @ http://host.docker.internal:3001/api/v1/projects:0
[  482545ms] [WARNING] The resource http://localhost:3000/_next/static/media/6835223d91b5eb8f-s.p.00d826.jmdee7.woff2 was preloaded using link preload but not used within a few seconds from the window's load event. Please make sure it has an appropriate `as` value and it is preloaded intentionally. @ http://localhost:3000/:0
[  482546ms] [WARNING] The resource http://localhost:3000/_next/static/media/9ff27b8a0a8f3dc0-s.p.170gfl_1xpie6.woff2 was preloaded using link preload but not used within a few seconds from the window's load event. Please make sure it has an appropriate `as` value and it is preloaded intentionally. @ http://localhost:3000/:0
[  482546ms] [WARNING] The resource http://localhost:3000/_next/static/media/caa3a2e1cccd8315-s.p.09~u27dqhyhd6.woff2 was preloaded using link preload but not used within a few seconds from the window's load event. Please make sure it has an appropriate `as` value and it is preloaded intentionally. @ http://localhost:3000/:0
[  482546ms] [WARNING] The resource http://localhost:3000/_next/static/media/797e433ab948586e-s.p.08e28id.o-okb.woff2 was preloaded using link preload but not used within a few seconds from the window's load event. Please make sure it has an appropriate `as` value and it is preloaded intentionally. @ http://localhost:3000/:0
[  482546ms] [WARNING] The resource http://localhost:3000/_next/static/media/d41831e24743a3c1-s.p.02r-fjhi~6g_a.woff2 was preloaded using link preload but not used within a few seconds from the window's load event. Please make sure it has an appropriate `as` value and it is preloaded intentionally. @ http://localhost:3000/:0
[  482546ms] [WARNING] The resource http://localhost:3000/_next/static/media/130b5bec7367fe75-s.p.0q2wrlgna7.s-.woff2 was preloaded using link preload but not used within a few seconds from the window's load event. Please make sure it has an appropriate `as` value and it is preloaded intentionally. @ http://localhost:3000/:0
[  483114ms] [ERROR] Failed to load resource: net::ERR_CONNECTION_REFUSED @ http://host.docker.internal:3001/api/v1/projects:0
[  486394ms] [WARNING] The resource http://localhost:3000/_next/static/media/6835223d91b5eb8f-s.p.00d826.jmdee7.woff2 was preloaded using link preload but not used within a few seconds from the window's load event. Please make sure it has an appropriate `as` value and it is preloaded intentionally. @ http://localhost:3000/:0
[  486394ms] [WARNING] The resource http://localhost:3000/_next/static/media/9ff27b8a0a8f3dc0-s.p.170gfl_1xpie6.woff2 was preloaded using link preload but not used within a few seconds from the window's load event. Please make sure it has an appropriate `as` value and it is preloaded intentionally. @ http://localhost:3000/:0
[  486394ms] [WARNING] The resource http://localhost:3000/_next/static/media/caa3a2e1cccd8315-s.p.09~u27dqhyhd6.woff2 was preloaded using link preload but not used within a few seconds from the window's load event. Please make sure it has an appropriate `as` value and it is preloaded intentionally. @ http://localhost:3000/:0
[  486394ms] [WARNING] The resource http://localhost:3000/_next/static/media/797e433ab948586e-s.p.08e28id.o-okb.woff2 was preloaded using link preload but not used within a few seconds from the window's load event. Please make sure it has an appropriate `as` value and it is preloaded intentionally. @ http://localhost:3000/:0
[  486394ms] [WARNING] The resource http://localhost:3000/_next/static/media/d41831e24743a3c1-s.p.02r-fjhi~6g_a.woff2 was preloaded using link preload but not used within a few seconds from the window's load event. Please make sure it has an appropriate `as` value and it is preloaded intentionally. @ http://localhost:3000/:0
[  486394ms] [WARNING] The resource http://localhost:3000/_next/static/media/130b5bec7367fe75-s.p.0q2wrlgna7.s-.woff2 was preloaded using link preload but not used within a few seconds from the window's load event. Please make sure it has an appropriate `as` value and it is preloaded intentionally. @ http://localhost:3000/:0
[  505376ms] [WARNING] The resource http://localhost:3000/_next/static/media/6835223d91b5eb8f-s.p.00d826.jmdee7.woff2 was preloaded using link preload but not used within a few seconds from the window's load event. Please make sure it has an appropriate `as` value and it is preloaded intentionally. @ http://localhost:3000/:0
[  505377ms] [WARNING] The resource http://localhost:3000/_next/static/media/9ff27b8a0a8f3dc0-s.p.170gfl_1xpie6.woff2 was preloaded using link preload but not used within a few seconds from the window's load event. Please make sure it has an appropriate `as` value and it is preloaded intentionally. @ http://localhost:3000/:0
[  505377ms] [WARNING] The resource http://localhost:3000/_next/static/media/caa3a2e1cccd8315-s.p.09~u27dqhyhd6.woff2 was preloaded using link preload but not used within a few seconds from the window's load event. Please make sure it has an appropriate `as` value and it is preloaded intentionally. @ http://localhost:3000/:0
[  505377ms] [WARNING] The resource http://localhost:3000/_next/static/media/797e433ab948586e-s.p.08e28id.o-okb.woff2 was preloaded using link preload but not used within a few seconds from the window's load event. Please make sure it has an appropriate `as` value and it is preloaded intentionally. @ http://localhost:3000/:0
[  505377ms] [WARNING] The resource http://localhost:3000/_next/static/media/d41831e24743a3c1-s.p.02r-fjhi~6g_a.woff2 was preloaded using link preload but not used within a few seconds from the window's load event. Please make sure it has an appropriate `as` value and it is preloaded intentionally. @ http://localhost:3000/:0
[  505377ms] [WARNING] The resource http://localhost:3000/_next/static/media/130b5bec7367fe75-s.p.0q2wrlgna7.s-.woff2 was preloaded using link preload but not used within a few seconds from the window's load event. Please make sure it has an appropriate `as` value and it is preloaded intentionally. @ http://localhost:3000/:0
[  506010ms] [ERROR] Failed to load resource: net::ERR_CONNECTION_REFUSED @ http://host.docker.internal:3001/api/v1/projects:0
[  509074ms] [ERROR] Failed to load resource: net::ERR_CONNECTION_REFUSED @ http://host.docker.internal:3001/api/v1/projects:0
[  509353ms] [ERROR] Failed to load resource: net::ERR_CONNECTION_REFUSED @ http://host.docker.internal:3001/api/v1/sim-cards:0
[  511911ms] [ERROR] Failed to load resource: net::ERR_CONNECTION_REFUSED @ http://host.docker.internal:3001/api/v1/sim-cards:0
[  515156ms] [WARNING] The resource http://localhost:3000/_next/static/media/6835223d91b5eb8f-s.p.00d826.jmdee7.woff2 was preloaded using link preload but not used within a few seconds from the window's load event. Please make sure it has an appropriate `as` value and it is preloaded intentionally. @ http://localhost:3000/:0
[  515157ms] [WARNING] The resource http://localhost:3000/_next/static/media/9ff27b8a0a8f3dc0-s.p.170gfl_1xpie6.woff2 was preloaded using link preload but not used within a few seconds from the window's load event. Please make sure it has an appropriate `as` value and it is preloaded intentionally. @ http://localhost:3000/:0
[  515157ms] [WARNING] The resource http://localhost:3000/_next/static/media/caa3a2e1cccd8315-s.p.09~u27dqhyhd6.woff2 was preloaded using link preload but not used within a few seconds from the window's load event. Please make sure it has an appropriate `as` value and it is preloaded intentionally. @ http://localhost:3000/:0
[  515157ms] [WARNING] The resource http://localhost:3000/_next/static/media/797e433ab948586e-s.p.08e28id.o-okb.woff2 was preloaded using link preload but not used within a few seconds from the window's load event. Please make sure it has an appropriate `as` value and it is preloaded intentionally. @ http://localhost:3000/:0
[  515157ms] [WARNING] The resource http://localhost:3000/_next/static/media/d41831e24743a3c1-s.p.02r-fjhi~6g_a.woff2 was preloaded using link preload but not used within a few seconds from the window's load event. Please make sure it has an appropriate `as` value and it is preloaded intentionally. @ http://localhost:3000/:0
[  515157ms] [WARNING] The resource http://localhost:3000/_next/static/media/130b5bec7367fe75-s.p.0q2wrlgna7.s-.woff2 was preloaded using link preload but not used within a few seconds from the window's load event. Please make sure it has an appropriate `as` value and it is preloaded intentionally. @ http://localhost:3000/:0
[  537647ms] [LOG] [HMR] connected @ http://localhost:3000/_next/static/chunks/node_modules_next_dist_115brz8._.js:2477
[  538216ms] [LOG] [Fast Refresh] rebuilding @ http://localhost:3000/_next/static/chunks/node_modules_next_dist_115brz8._.js:2477
[  538280ms] [LOG] [Fast Refresh] done in 172ms @ http://localhost:3000/_next/static/chunks/node_modules_next_dist_115brz8._.js:2477
[  542114ms] [ERROR] Failed to load resource: net::ERR_CONNECTION_REFUSED @ http://host.docker.internal:3001/api/v1/dashboard/kpis:0
[  542115ms] [ERROR] Failed to load resource: net::ERR_CONNECTION_REFUSED @ http://host.docker.internal:3001/api/v1/dashboard/consumption-trend:0
[  542116ms] [ERROR] Failed to load resource: net::ERR_CONNECTION_REFUSED @ http://host.docker.internal:3001/api/v1/dashboard/recent-activity:0
[  542116ms] [ERROR] Failed to load resource: net::ERR_CONNECTION_REFUSED @ http://host.docker.internal:3001/api/v1/projects:0
[  543402ms] [ERROR] Failed to load resource: net::ERR_CONNECTION_REFUSED @ http://host.docker.internal:3001/api/v1/projects:0
[  549528ms] [WARNING] The resource http://localhost:3000/_next/static/media/6835223d91b5eb8f-s.p.00d826.jmdee7.woff2 was preloaded using link preload but not used within a few seconds from the window's load event. Please make sure it has an appropriate `as` value and it is preloaded intentionally. @ http://localhost:3000/:0
[  549528ms] [WARNING] The resource http://localhost:3000/_next/static/media/9ff27b8a0a8f3dc0-s.p.170gfl_1xpie6.woff2 was preloaded using link preload but not used within a few seconds from the window's load event. Please make sure it has an appropriate `as` value and it is preloaded intentionally. @ http://localhost:3000/:0
[  549528ms] [WARNING] The resource http://localhost:3000/_next/static/media/caa3a2e1cccd8315-s.p.09~u27dqhyhd6.woff2 was preloaded using link preload but not used within a few seconds from the window's load event. Please make sure it has an appropriate `as` value and it is preloaded intentionally. @ http://localhost:3000/:0
[  549528ms] [WARNING] The resource http://localhost:3000/_next/static/media/797e433ab948586e-s.p.08e28id.o-okb.woff2 was preloaded using link preload but not used within a few seconds from the window's load event. Please make sure it has an appropriate `as` value and it is preloaded intentionally. @ http://localhost:3000/:0
[  549528ms] [WARNING] The resource http://localhost:3000/_next/static/media/d41831e24743a3c1-s.p.02r-fjhi~6g_a.woff2 was preloaded using link preload but not used within a few seconds from the window's load event. Please make sure it has an appropriate `as` value and it is preloaded intentionally. @ http://localhost:3000/:0
[  549528ms] [WARNING] The resource http://localhost:3000/_next/static/media/130b5bec7367fe75-s.p.0q2wrlgna7.s-.woff2 was preloaded using link preload but not used within a few seconds from the window's load event. Please make sure it has an appropriate `as` value and it is preloaded intentionally. @ http://localhost:3000/:0
[  553690ms] [WARNING] The resource http://localhost:3000/_next/static/media/6835223d91b5eb8f-s.p.00d826.jmdee7.woff2 was preloaded using link preload but not used within a few seconds from the window's load event. Please make sure it has an appropriate `as` value and it is preloaded intentionally. @ http://localhost:3000/:0
[  553691ms] [WARNING] The resource http://localhost:3000/_next/static/media/9ff27b8a0a8f3dc0-s.p.170gfl_1xpie6.woff2 was preloaded using link preload but not used within a few seconds from the window's load event. Please make sure it has an appropriate `as` value and it is preloaded intentionally. @ http://localhost:3000/:0
[  553691ms] [WARNING] The resource http://localhost:3000/_next/static/media/caa3a2e1cccd8315-s.p.09~u27dqhyhd6.woff2 was preloaded using link preload but not used within a few seconds from the window's load event. Please make sure it has an appropriate `as` value and it is preloaded intentionally. @ http://localhost:3000/:0
[  553691ms] [WARNING] The resource http://localhost:3000/_next/static/media/797e433ab948586e-s.p.08e28id.o-okb.woff2 was preloaded using link preload but not used within a few seconds from the window's load event. Please make sure it has an appropriate `as` value and it is preloaded intentionally. @ http://localhost:3000/:0
[  553691ms] [WARNING] The resource http://localhost:3000/_next/static/media/d41831e24743a3c1-s.p.02r-fjhi~6g_a.woff2 was preloaded using link preload but not used within a few seconds from the window's load event. Please make sure it has an appropriate `as` value and it is preloaded intentionally. @ http://localhost:3000/:0
[  553691ms] [WARNING] The resource http://localhost:3000/_next/static/media/130b5bec7367fe75-s.p.0q2wrlgna7.s-.woff2 was preloaded using link preload but not used within a few seconds from the window's load event. Please make sure it has an appropriate `as` value and it is preloaded intentionally. @ http://localhost:3000/:0
[ 1033956ms] [ERROR] Failed to load resource: net::ERR_CONNECTION_REFUSED @ http://host.docker.internal:3001/api/v1/meters:0
[ 1036968ms] [WARNING] The resource http://localhost:3000/_next/static/media/6835223d91b5eb8f-s.p.00d826.jmdee7.woff2 was preloaded using link preload but not used within a few seconds from the window's load event. Please make sure it has an appropriate `as` value and it is preloaded intentionally. @ http://localhost:3000/:0
[ 1036968ms] [WARNING] The resource http://localhost:3000/_next/static/media/9ff27b8a0a8f3dc0-s.p.170gfl_1xpie6.woff2 was preloaded using link preload but not used within a few seconds from the window's load event. Please make sure it has an appropriate `as` value and it is preloaded intentionally. @ http://localhost:3000/:0
[ 1036969ms] [WARNING] The resource http://localhost:3000/_next/static/media/caa3a2e1cccd8315-s.p.09~u27dqhyhd6.woff2 was preloaded using link preload but not used within a few seconds from the window's load event. Please make sure it has an appropriate `as` value and it is preloaded intentionally. @ http://localhost:3000/:0
[ 1036969ms] [WARNING] The resource http://localhost:3000/_next/static/media/797e433ab948586e-s.p.08e28id.o-okb.woff2 was preloaded using link preload but not used within a few seconds from the window's load event. Please make sure it has an appropriate `as` value and it is preloaded intentionally. @ http://localhost:3000/:0
[ 1036969ms] [WARNING] The resource http://localhost:3000/_next/static/media/d41831e24743a3c1-s.p.02r-fjhi~6g_a.woff2 was preloaded using link preload but not used within a few seconds from the window's load event. Please make sure it has an appropriate `as` value and it is preloaded intentionally. @ http://localhost:3000/:0
[ 1036969ms] [WARNING] The resource http://localhost:3000/_next/static/media/130b5bec7367fe75-s.p.0q2wrlgna7.s-.woff2 was preloaded using link preload but not used within a few seconds from the window's load event. Please make sure it has an appropriate `as` value and it is preloaded intentionally. @ http://localhost:3000/:0
[ 1037053ms] [ERROR] Failed to load resource: net::ERR_CONNECTION_REFUSED @ http://host.docker.internal:3001/api/v1/meters:0
[ 1040056ms] [WARNING] The resource http://localhost:3000/_next/static/media/6835223d91b5eb8f-s.p.00d826.jmdee7.woff2 was preloaded using link preload but not used within a few seconds from the window's load event. Please make sure it has an appropriate `as` value and it is preloaded intentionally. @ http://localhost:3000/:0
[ 1040057ms] [WARNING] The resource http://localhost:3000/_next/static/media/9ff27b8a0a8f3dc0-s.p.170gfl_1xpie6.woff2 was preloaded using link preload but not used within a few seconds from the window's load event. Please make sure it has an appropriate `as` value and it is preloaded intentionally. @ http://localhost:3000/:0
[ 1040057ms] [WARNING] The resource http://localhost:3000/_next/static/media/caa3a2e1cccd8315-s.p.09~u27dqhyhd6.woff2 was preloaded using link preload but not used within a few seconds from the window's load event. Please make sure it has an appropriate `as` value and it is preloaded intentionally. @ http://localhost:3000/:0
[ 1040057ms] [WARNING] The resource http://localhost:3000/_next/static/media/797e433ab948586e-s.p.08e28id.o-okb.woff2 was preloaded using link preload but not used within a few seconds from the window's load event. Please make sure it has an appropriate `as` value and it is preloaded intentionally. @ http://localhost:3000/:0
[ 1040057ms] [WARNING] The resource http://localhost:3000/_next/static/media/d41831e24743a3c1-s.p.02r-fjhi~6g_a.woff2 was preloaded using link preload but not used within a few seconds from the window's load event. Please make sure it has an appropriate `as` value and it is preloaded intentionally. @ http://localhost:3000/:0
[ 1040057ms] [WARNING] The resource http://localhost:3000/_next/static/media/130b5bec7367fe75-s.p.0q2wrlgna7.s-.woff2 was preloaded using link preload but not used within a few seconds from the window's load event. Please make sure it has an appropriate `as` value and it is preloaded intentionally. @ http://localhost:3000/:0
[ 1045822ms] [LOG] [HMR] connected @ http://localhost:3000/_next/static/chunks/node_modules_next_dist_115brz8._.js:2477
[ 1045961ms] [LOG] [Fast Refresh] rebuilding @ http://localhost:3000/_next/static/chunks/node_modules_next_dist_115brz8._.js:2477
[ 1045995ms] [LOG] [Fast Refresh] done in 143ms @ http://localhost:3000/_next/static/chunks/node_modules_next_dist_115brz8._.js:2477
[ 1054893ms] [WARNING] The resource http://localhost:3000/_next/static/media/6835223d91b5eb8f-s.p.00d826.jmdee7.woff2 was preloaded using link preload but not used within a few seconds from the window's load event. Please make sure it has an appropriate `as` value and it is preloaded intentionally. @ http://localhost:3000/:0
[ 1054893ms] [WARNING] The resource http://localhost:3000/_next/static/media/9ff27b8a0a8f3dc0-s.p.170gfl_1xpie6.woff2 was preloaded using link preload but not used within a few seconds from the window's load event. Please make sure it has an appropriate `as` value and it is preloaded intentionally. @ http://localhost:3000/:0
[ 1054893ms] [WARNING] The resource http://localhost:3000/_next/static/media/caa3a2e1cccd8315-s.p.09~u27dqhyhd6.woff2 was preloaded using link preload but not used within a few seconds from the window's load event. Please make sure it has an appropriate `as` value and it is preloaded intentionally. @ http://localhost:3000/:0
[ 1054894ms] [WARNING] The resource http://localhost:3000/_next/static/media/797e433ab948586e-s.p.08e28id.o-okb.woff2 was preloaded using link preload but not used within a few seconds from the window's load event. Please make sure it has an appropriate `as` value and it is preloaded intentionally. @ http://localhost:3000/:0
[ 1054894ms] [WARNING] The resource http://localhost:3000/_next/static/media/d41831e24743a3c1-s.p.02r-fjhi~6g_a.woff2 was preloaded using link preload but not used within a few seconds from the window's load event. Please make sure it has an appropriate `as` value and it is preloaded intentionally. @ http://localhost:3000/:0
[ 1054894ms] [WARNING] The resource http://localhost:3000/_next/static/media/130b5bec7367fe75-s.p.0q2wrlgna7.s-.woff2 was preloaded using link preload but not used within a few seconds from the window's load event. Please make sure it has an appropriate `as` value and it is preloaded intentionally. @ http://localhost:3000/:0
[ 1894422ms] [LOG] [Fast Refresh] rebuilding @ http://localhost:3000/_next/static/chunks/node_modules_next_dist_115brz8._.js:2477
[ 1895189ms] [LOG] [Fast Refresh] done in 447ms @ http://localhost:3000/_next/static/chunks/node_modules_next_dist_115brz8._.js:2477
[ 1895211ms] [VERBOSE] [DOM] Password field is not contained in a form: (More info: https://goo.gl/9p2vKq) %o @ http://localhost:3000/:0
[ 1895309ms] [LOG] [Fast Refresh] rebuilding @ http://localhost:3000/_next/static/chunks/node_modules_next_dist_115brz8._.js:2477
[ 1895339ms] [LOG] [Fast Refresh] done in 139ms @ http://localhost:3000/_next/static/chunks/node_modules_next_dist_115brz8._.js:2477
[ 1898743ms] [WARNING] The resource http://localhost:3000/_next/static/media/6835223d91b5eb8f-s.p.00d826.jmdee7.woff2 was preloaded using link preload but not used within a few seconds from the window's load event. Please make sure it has an appropriate `as` value and it is preloaded intentionally. @ http://localhost:3000/:0
[ 1898743ms] [WARNING] The resource http://localhost:3000/_next/static/media/9ff27b8a0a8f3dc0-s.p.170gfl_1xpie6.woff2 was preloaded using link preload but not used within a few seconds from the window's load event. Please make sure it has an appropriate `as` value and it is preloaded intentionally. @ http://localhost:3000/:0
[ 1898743ms] [WARNING] The resource http://localhost:3000/_next/static/media/caa3a2e1cccd8315-s.p.09~u27dqhyhd6.woff2 was preloaded using link preload but not used within a few seconds from the window's load event. Please make sure it has an appropriate `as` value and it is preloaded intentionally. @ http://localhost:3000/:0
[ 1898743ms] [WARNING] The resource http://localhost:3000/_next/static/media/797e433ab948586e-s.p.08e28id.o-okb.woff2 was preloaded using link preload but not used within a few seconds from the window's load event. Please make sure it has an appropriate `as` value and it is preloaded intentionally. @ http://localhost:3000/:0
[ 1898743ms] [WARNING] The resource http://localhost:3000/_next/static/media/d41831e24743a3c1-s.p.02r-fjhi~6g_a.woff2 was preloaded using link preload but not used within a few seconds from the window's load event. Please make sure it has an appropriate `as` value and it is preloaded intentionally. @ http://localhost:3000/:0
[ 1898743ms] [WARNING] The resource http://localhost:3000/_next/static/media/130b5bec7367fe75-s.p.0q2wrlgna7.s-.woff2 was preloaded using link preload but not used within a few seconds from the window's load event. Please make sure it has an appropriate `as` value and it is preloaded intentionally. @ http://localhost:3000/:0
[ 1908237ms] [ERROR] WebSocket connection to 'ws://localhost:3000/_next/webpack-hmr?id=gKlmBizykZywanZg4b2we' failed: Error in connection establishment: net::ERR_CONNECTION_REFUSED @ http://localhost:3000/_next/static/chunks/node_modules_next_dist_client_0fhqo1d._.js:13322
[ 1911606ms] [ERROR] WebSocket connection to 'ws://localhost:3000/_next/webpack-hmr?id=gKlmBizykZywanZg4b2we' failed: Error in connection establishment: net::ERR_CONNECTION_REFUSED @ http://localhost:3000/_next/static/chunks/node_modules_next_dist_client_0fhqo1d._.js:13322
[ 1914954ms] [ERROR] WebSocket connection to 'ws://localhost:3000/_next/webpack-hmr?id=gKlmBizykZywanZg4b2we' failed: Error in connection establishment: net::ERR_CONNECTION_REFUSED @ http://localhost:3000/_next/static/chunks/node_modules_next_dist_client_0fhqo1d._.js:13322
[ 1918303ms] [ERROR] WebSocket connection to 'ws://localhost:3000/_next/webpack-hmr?id=gKlmBizykZywanZg4b2we' failed: Error in connection establishment: net::ERR_CONNECTION_REFUSED @ http://localhost:3000/_next/static/chunks/node_modules_next_dist_client_0fhqo1d._.js:13322
[ 1921639ms] [ERROR] WebSocket connection to 'ws://localhost:3000/_next/webpack-hmr?id=gKlmBizykZywanZg4b2we' failed: Error in connection establishment: net::ERR_CONNECTION_REFUSED @ http://localhost:3000/_next/static/chunks/node_modules_next_dist_client_0fhqo1d._.js:13322
[ 1929968ms] [LOG] [HMR] connected @ http://localhost:3000/_next/static/chunks/node_modules_next_dist_115brz8._.js:2477
[ 1931462ms] [VERBOSE] [DOM] Password field is not contained in a form: (More info: https://goo.gl/9p2vKq) %o @ http://localhost:3000/:0
[ 1931599ms] [INFO] %cDownload the React DevTools for a better development experience: https://react.dev/link/react-devtools font-weight:bold @ http://localhost:3000/_next/static/chunks/node_modules_next_dist_115brz8._.js:2477
[ 1931755ms] [LOG] [HMR] connected @ http://localhost:3000/_next/static/chunks/node_modules_next_dist_115brz8._.js:2477
[ 1932131ms] [VERBOSE] [DOM] Password field is not contained in a form: (More info: https://goo.gl/9p2vKq) %o @ http://localhost:3000/:0
[ 1934953ms] [WARNING] The resource http://localhost:3000/_next/static/media/6835223d91b5eb8f-s.p.00d826.jmdee7.woff2 was preloaded using link preload but not used within a few seconds from the window's load event. Please make sure it has an appropriate `as` value and it is preloaded intentionally. @ http://localhost:3000/:0
[ 1934953ms] [WARNING] The resource http://localhost:3000/_next/static/media/9ff27b8a0a8f3dc0-s.p.170gfl_1xpie6.woff2 was preloaded using link preload but not used within a few seconds from the window's load event. Please make sure it has an appropriate `as` value and it is preloaded intentionally. @ http://localhost:3000/:0
[ 1934953ms] [WARNING] The resource http://localhost:3000/_next/static/media/caa3a2e1cccd8315-s.p.09~u27dqhyhd6.woff2 was preloaded using link preload but not used within a few seconds from the window's load event. Please make sure it has an appropriate `as` value and it is preloaded intentionally. @ http://localhost:3000/:0
[ 1934953ms] [WARNING] The resource http://localhost:3000/_next/static/media/797e433ab948586e-s.p.08e28id.o-okb.woff2 was preloaded using link preload but not used within a few seconds from the window's load event. Please make sure it has an appropriate `as` value and it is preloaded intentionally. @ http://localhost:3000/:0
[ 1934953ms] [WARNING] The resource http://localhost:3000/_next/static/media/d41831e24743a3c1-s.p.02r-fjhi~6g_a.woff2 was preloaded using link preload but not used within a few seconds from the window's load event. Please make sure it has an appropriate `as` value and it is preloaded intentionally. @ http://localhost:3000/:0
[ 1934953ms] [WARNING] The resource http://localhost:3000/_next/static/media/130b5bec7367fe75-s.p.0q2wrlgna7.s-.woff2 was preloaded using link preload but not used within a few seconds from the window's load event. Please make sure it has an appropriate `as` value and it is preloaded intentionally. @ http://localhost:3000/:0
