[     134ms] [LOG] [Fast Refresh] rebuilding @ http://localhost:3000/_next/static/chunks/node_modules_next_dist_115brz8._.js:2477
[    4889ms] [LOG] [Fast Refresh] done in 4858ms @ http://localhost:3000/_next/static/chunks/node_modules_next_dist_115brz8._.js:2477
[    5010ms] [INFO] %cDownload the React DevTools for a better development experience: https://react.dev/link/react-devtools font-weight:bold @ http://localhost:3000/_next/static/chunks/node_modules_next_dist_115brz8._.js:2477
[    5045ms] [LOG] [HMR] connected @ http://localhost:3000/_next/static/chunks/node_modules_next_dist_115brz8._.js:2477
[    5209ms] [ERROR] Failed to load resource: the server responded with a status of 401 (Unauthorized) @ http://localhost:3001/api/v1/dashboard/experience-lab/brand:0
[    5221ms] [ERROR] Failed to load resource: the server responded with a status of 401 (Unauthorized) @ http://localhost:3001/api/v1/dashboard/experience-lab/brand:0
[    9522ms] [WARNING] The resource http://localhost:3000/_next/static/media/6835223d91b5eb8f-s.p.00d826.jmdee7.woff2 was preloaded using link preload but not used within a few seconds from the window's load event. Please make sure it has an appropriate `as` value and it is preloaded intentionally. @ http://localhost:3000/sandbox/brand:0
[    9522ms] [WARNING] The resource http://localhost:3000/_next/static/media/9ff27b8a0a8f3dc0-s.p.170gfl_1xpie6.woff2 was preloaded using link preload but not used within a few seconds from the window's load event. Please make sure it has an appropriate `as` value and it is preloaded intentionally. @ http://localhost:3000/sandbox/brand:0
[    9522ms] [WARNING] The resource http://localhost:3000/_next/static/media/caa3a2e1cccd8315-s.p.09~u27dqhyhd6.woff2 was preloaded using link preload but not used within a few seconds from the window's load event. Please make sure it has an appropriate `as` value and it is preloaded intentionally. @ http://localhost:3000/sandbox/brand:0
[    9522ms] [WARNING] The resource http://localhost:3000/_next/static/media/d41831e24743a3c1-s.p.02r-fjhi~6g_a.woff2 was preloaded using link preload but not used within a few seconds from the window's load event. Please make sure it has an appropriate `as` value and it is preloaded intentionally. @ http://localhost:3000/sandbox/brand:0
[    9522ms] [WARNING] The resource http://localhost:3000/_next/static/media/130b5bec7367fe75-s.p.0q2wrlgna7.s-.woff2 was preloaded using link preload but not used within a few seconds from the window's load event. Please make sure it has an appropriate `as` value and it is preloaded intentionally. @ http://localhost:3000/sandbox/brand:0
[    9522ms] [WARNING] The resource http://localhost:3000/_next/static/media/797e433ab948586e-s.p.08e28id.o-okb.woff2 was preloaded using link preload but not used within a few seconds from the window's load event. Please make sure it has an appropriate `as` value and it is preloaded intentionally. @ http://localhost:3000/sandbox/brand:0
[   18071ms] [ERROR] Failed to load resource: the server responded with a status of 401 (Unauthorized) @ http://localhost:3001/api/v1/dashboard/experience-lab/themes:0
[   21144ms] [WARNING] The resource http://localhost:3000/_next/static/media/6835223d91b5eb8f-s.p.00d826.jmdee7.woff2 was preloaded using link preload but not used within a few seconds from the window's load event. Please make sure it has an appropriate `as` value and it is preloaded intentionally. @ http://localhost:3000/sandbox/themes:0
[   21144ms] [WARNING] The resource http://localhost:3000/_next/static/media/9ff27b8a0a8f3dc0-s.p.170gfl_1xpie6.woff2 was preloaded using link preload but not used within a few seconds from the window's load event. Please make sure it has an appropriate `as` value and it is preloaded intentionally. @ http://localhost:3000/sandbox/themes:0
[   21144ms] [WARNING] The resource http://localhost:3000/_next/static/media/caa3a2e1cccd8315-s.p.09~u27dqhyhd6.woff2 was preloaded using link preload but not used within a few seconds from the window's load event. Please make sure it has an appropriate `as` value and it is preloaded intentionally. @ http://localhost:3000/sandbox/themes:0
[   21144ms] [WARNING] The resource http://localhost:3000/_next/static/media/d41831e24743a3c1-s.p.02r-fjhi~6g_a.woff2 was preloaded using link preload but not used within a few seconds from the window's load event. Please make sure it has an appropriate `as` value and it is preloaded intentionally. @ http://localhost:3000/sandbox/themes:0
[   21144ms] [WARNING] The resource http://localhost:3000/_next/static/media/130b5bec7367fe75-s.p.0q2wrlgna7.s-.woff2 was preloaded using link preload but not used within a few seconds from the window's load event. Please make sure it has an appropriate `as` value and it is preloaded intentionally. @ http://localhost:3000/sandbox/themes:0
[   21144ms] [WARNING] The resource http://localhost:3000/_next/static/media/797e433ab948586e-s.p.08e28id.o-okb.woff2 was preloaded using link preload but not used within a few seconds from the window's load event. Please make sure it has an appropriate `as` value and it is preloaded intentionally. @ http://localhost:3000/sandbox/themes:0
[   36947ms] [WARNING] The resource http://localhost:3000/_next/static/media/6835223d91b5eb8f-s.p.00d826.jmdee7.woff2 was preloaded using link preload but not used within a few seconds from the window's load event. Please make sure it has an appropriate `as` value and it is preloaded intentionally. @ http://localhost:3000/sandbox:0
[   36948ms] [WARNING] The resource http://localhost:3000/_next/static/media/9ff27b8a0a8f3dc0-s.p.170gfl_1xpie6.woff2 was preloaded using link preload but not used within a few seconds from the window's load event. Please make sure it has an appropriate `as` value and it is preloaded intentionally. @ http://localhost:3000/sandbox:0
[   36948ms] [WARNING] The resource http://localhost:3000/_next/static/media/caa3a2e1cccd8315-s.p.09~u27dqhyhd6.woff2 was preloaded using link preload but not used within a few seconds from the window's load event. Please make sure it has an appropriate `as` value and it is preloaded intentionally. @ http://localhost:3000/sandbox:0
[   36948ms] [WARNING] The resource http://localhost:3000/_next/static/media/d41831e24743a3c1-s.p.02r-fjhi~6g_a.woff2 was preloaded using link preload but not used within a few seconds from the window's load event. Please make sure it has an appropriate `as` value and it is preloaded intentionally. @ http://localhost:3000/sandbox:0
[   36948ms] [WARNING] The resource http://localhost:3000/_next/static/media/130b5bec7367fe75-s.p.0q2wrlgna7.s-.woff2 was preloaded using link preload but not used within a few seconds from the window's load event. Please make sure it has an appropriate `as` value and it is preloaded intentionally. @ http://localhost:3000/sandbox:0
[   36948ms] [WARNING] The resource http://localhost:3000/_next/static/media/797e433ab948586e-s.p.08e28id.o-okb.woff2 was preloaded using link preload but not used within a few seconds from the window's load event. Please make sure it has an appropriate `as` value and it is preloaded intentionally. @ http://localhost:3000/sandbox:0
[   37023ms] [ERROR] Failed to load resource: the server responded with a status of 401 (Unauthorized) @ http://localhost:3001/api/v1/dashboard/experience-lab/brand:0
[   40079ms] [WARNING] The resource http://localhost:3000/_next/static/media/6835223d91b5eb8f-s.p.00d826.jmdee7.woff2 was preloaded using link preload but not used within a few seconds from the window's load event. Please make sure it has an appropriate `as` value and it is preloaded intentionally. @ http://localhost:3000/sandbox/brand:0
[   40079ms] [WARNING] The resource http://localhost:3000/_next/static/media/9ff27b8a0a8f3dc0-s.p.170gfl_1xpie6.woff2 was preloaded using link preload but not used within a few seconds from the window's load event. Please make sure it has an appropriate `as` value and it is preloaded intentionally. @ http://localhost:3000/sandbox/brand:0
[   40079ms] [WARNING] The resource http://localhost:3000/_next/static/media/caa3a2e1cccd8315-s.p.09~u27dqhyhd6.woff2 was preloaded using link preload but not used within a few seconds from the window's load event. Please make sure it has an appropriate `as` value and it is preloaded intentionally. @ http://localhost:3000/sandbox/brand:0
[   40079ms] [WARNING] The resource http://localhost:3000/_next/static/media/d41831e24743a3c1-s.p.02r-fjhi~6g_a.woff2 was preloaded using link preload but not used within a few seconds from the window's load event. Please make sure it has an appropriate `as` value and it is preloaded intentionally. @ http://localhost:3000/sandbox/brand:0
[   40079ms] [WARNING] The resource http://localhost:3000/_next/static/media/130b5bec7367fe75-s.p.0q2wrlgna7.s-.woff2 was preloaded using link preload but not used within a few seconds from the window's load event. Please make sure it has an appropriate `as` value and it is preloaded intentionally. @ http://localhost:3000/sandbox/brand:0
[   40079ms] [WARNING] The resource http://localhost:3000/_next/static/media/797e433ab948586e-s.p.08e28id.o-okb.woff2 was preloaded using link preload but not used within a few seconds from the window's load event. Please make sure it has an appropriate `as` value and it is preloaded intentionally. @ http://localhost:3000/sandbox/brand:0
[   48573ms] [LOG] [Fast Refresh] rebuilding @ http://localhost:3000/_next/static/chunks/node_modules_next_dist_115brz8._.js:2477
[   51892ms] [WARNING] The resource http://localhost:3000/_next/static/media/6835223d91b5eb8f-s.p.00d826.jmdee7.woff2 was preloaded using link preload but not used within a few seconds from the window's load event. Please make sure it has an appropriate `as` value and it is preloaded intentionally. @ http://localhost:3000/sandbox/brand:0
[   51892ms] [WARNING] The resource http://localhost:3000/_next/static/media/9ff27b8a0a8f3dc0-s.p.170gfl_1xpie6.woff2 was preloaded using link preload but not used within a few seconds from the window's load event. Please make sure it has an appropriate `as` value and it is preloaded intentionally. @ http://localhost:3000/sandbox/brand:0
[   51892ms] [WARNING] The resource http://localhost:3000/_next/static/media/caa3a2e1cccd8315-s.p.09~u27dqhyhd6.woff2 was preloaded using link preload but not used within a few seconds from the window's load event. Please make sure it has an appropriate `as` value and it is preloaded intentionally. @ http://localhost:3000/sandbox/brand:0
[   51892ms] [WARNING] The resource http://localhost:3000/_next/static/media/d41831e24743a3c1-s.p.02r-fjhi~6g_a.woff2 was preloaded using link preload but not used within a few seconds from the window's load event. Please make sure it has an appropriate `as` value and it is preloaded intentionally. @ http://localhost:3000/sandbox/brand:0
[   51893ms] [WARNING] The resource http://localhost:3000/_next/static/media/130b5bec7367fe75-s.p.0q2wrlgna7.s-.woff2 was preloaded using link preload but not used within a few seconds from the window's load event. Please make sure it has an appropriate `as` value and it is preloaded intentionally. @ http://localhost:3000/sandbox/brand:0
[   51893ms] [WARNING] The resource http://localhost:3000/_next/static/media/797e433ab948586e-s.p.08e28id.o-okb.woff2 was preloaded using link preload but not used within a few seconds from the window's load event. Please make sure it has an appropriate `as` value and it is preloaded intentionally. @ http://localhost:3000/sandbox/brand:0
[   53112ms] [LOG] [Fast Refresh] done in 4649ms @ http://localhost:3000/_next/static/chunks/node_modules_next_dist_115brz8._.js:2477
[   53153ms] [ERROR] Failed to load resource: the server responded with a status of 401 (Unauthorized) @ http://localhost:3001/api/v1/dashboard/experience-lab/typography:0
[   56211ms] [WARNING] The resource http://localhost:3000/_next/static/media/6835223d91b5eb8f-s.p.00d826.jmdee7.woff2 was preloaded using link preload but not used within a few seconds from the window's load event. Please make sure it has an appropriate `as` value and it is preloaded intentionally. @ http://localhost:3000/sandbox/typography:0
[   56211ms] [WARNING] The resource http://localhost:3000/_next/static/media/9ff27b8a0a8f3dc0-s.p.170gfl_1xpie6.woff2 was preloaded using link preload but not used within a few seconds from the window's load event. Please make sure it has an appropriate `as` value and it is preloaded intentionally. @ http://localhost:3000/sandbox/typography:0
[   56211ms] [WARNING] The resource http://localhost:3000/_next/static/media/caa3a2e1cccd8315-s.p.09~u27dqhyhd6.woff2 was preloaded using link preload but not used within a few seconds from the window's load event. Please make sure it has an appropriate `as` value and it is preloaded intentionally. @ http://localhost:3000/sandbox/typography:0
[   56211ms] [WARNING] The resource http://localhost:3000/_next/static/media/d41831e24743a3c1-s.p.02r-fjhi~6g_a.woff2 was preloaded using link preload but not used within a few seconds from the window's load event. Please make sure it has an appropriate `as` value and it is preloaded intentionally. @ http://localhost:3000/sandbox/typography:0
[   56211ms] [WARNING] The resource http://localhost:3000/_next/static/media/130b5bec7367fe75-s.p.0q2wrlgna7.s-.woff2 was preloaded using link preload but not used within a few seconds from the window's load event. Please make sure it has an appropriate `as` value and it is preloaded intentionally. @ http://localhost:3000/sandbox/typography:0
[   56211ms] [WARNING] The resource http://localhost:3000/_next/static/media/797e433ab948586e-s.p.08e28id.o-okb.woff2 was preloaded using link preload but not used within a few seconds from the window's load event. Please make sure it has an appropriate `as` value and it is preloaded intentionally. @ http://localhost:3000/sandbox/typography:0
[   74189ms] [LOG] [Fast Refresh] rebuilding @ http://localhost:3000/_next/static/chunks/node_modules_next_dist_115brz8._.js:2477
[   77491ms] [WARNING] The resource http://localhost:3000/_next/static/media/6835223d91b5eb8f-s.p.00d826.jmdee7.woff2 was preloaded using link preload but not used within a few seconds from the window's load event. Please make sure it has an appropriate `as` value and it is preloaded intentionally. @ http://localhost:3000/sandbox/typography:0
[   77491ms] [WARNING] The resource http://localhost:3000/_next/static/media/9ff27b8a0a8f3dc0-s.p.170gfl_1xpie6.woff2 was preloaded using link preload but not used within a few seconds from the window's load event. Please make sure it has an appropriate `as` value and it is preloaded intentionally. @ http://localhost:3000/sandbox/typography:0
[   77491ms] [WARNING] The resource http://localhost:3000/_next/static/media/caa3a2e1cccd8315-s.p.09~u27dqhyhd6.woff2 was preloaded using link preload but not used within a few seconds from the window's load event. Please make sure it has an appropriate `as` value and it is preloaded intentionally. @ http://localhost:3000/sandbox/typography:0
[   77491ms] [WARNING] The resource http://localhost:3000/_next/static/media/d41831e24743a3c1-s.p.02r-fjhi~6g_a.woff2 was preloaded using link preload but not used within a few seconds from the window's load event. Please make sure it has an appropriate `as` value and it is preloaded intentionally. @ http://localhost:3000/sandbox/typography:0
[   77491ms] [WARNING] The resource http://localhost:3000/_next/static/media/130b5bec7367fe75-s.p.0q2wrlgna7.s-.woff2 was preloaded using link preload but not used within a few seconds from the window's load event. Please make sure it has an appropriate `as` value and it is preloaded intentionally. @ http://localhost:3000/sandbox/typography:0
[   77491ms] [WARNING] The resource http://localhost:3000/_next/static/media/797e433ab948586e-s.p.08e28id.o-okb.woff2 was preloaded using link preload but not used within a few seconds from the window's load event. Please make sure it has an appropriate `as` value and it is preloaded intentionally. @ http://localhost:3000/sandbox/typography:0
[   78065ms] [LOG] [Fast Refresh] done in 3987ms @ http://localhost:3000/_next/static/chunks/node_modules_next_dist_115brz8._.js:2477
[   78279ms] [ERROR] Failed to load resource: the server responded with a status of 401 (Unauthorized) @ http://localhost:3001/api/v1/dashboard/experience-lab/future-page/customer:0
[   78346ms] [LOG] [Fast Refresh] rebuilding @ http://localhost:3000/_next/static/chunks/node_modules_next_dist_115brz8._.js:2477
[   78347ms] [LOG] [Fast Refresh] done in 102ms @ http://localhost:3000/_next/static/chunks/node_modules_next_dist_115brz8._.js:2477
[   81339ms] [WARNING] The resource http://localhost:3000/_next/static/media/6835223d91b5eb8f-s.p.00d826.jmdee7.woff2 was preloaded using link preload but not used within a few seconds from the window's load event. Please make sure it has an appropriate `as` value and it is preloaded intentionally. @ http://localhost:3000/sandbox/future:0
[   81339ms] [WARNING] The resource http://localhost:3000/_next/static/media/9ff27b8a0a8f3dc0-s.p.170gfl_1xpie6.woff2 was preloaded using link preload but not used within a few seconds from the window's load event. Please make sure it has an appropriate `as` value and it is preloaded intentionally. @ http://localhost:3000/sandbox/future:0
[   81339ms] [WARNING] The resource http://localhost:3000/_next/static/media/caa3a2e1cccd8315-s.p.09~u27dqhyhd6.woff2 was preloaded using link preload but not used within a few seconds from the window's load event. Please make sure it has an appropriate `as` value and it is preloaded intentionally. @ http://localhost:3000/sandbox/future:0
[   81339ms] [WARNING] The resource http://localhost:3000/_next/static/media/d41831e24743a3c1-s.p.02r-fjhi~6g_a.woff2 was preloaded using link preload but not used within a few seconds from the window's load event. Please make sure it has an appropriate `as` value and it is preloaded intentionally. @ http://localhost:3000/sandbox/future:0
[   81339ms] [WARNING] The resource http://localhost:3000/_next/static/media/130b5bec7367fe75-s.p.0q2wrlgna7.s-.woff2 was preloaded using link preload but not used within a few seconds from the window's load event. Please make sure it has an appropriate `as` value and it is preloaded intentionally. @ http://localhost:3000/sandbox/future:0
[   81339ms] [WARNING] The resource http://localhost:3000/_next/static/media/797e433ab948586e-s.p.08e28id.o-okb.woff2 was preloaded using link preload but not used within a few seconds from the window's load event. Please make sure it has an appropriate `as` value and it is preloaded intentionally. @ http://localhost:3000/sandbox/future:0
[   94695ms] [LOG] [Fast Refresh] rebuilding @ http://localhost:3000/_next/static/chunks/node_modules_next_dist_115brz8._.js:2477
[   97984ms] [WARNING] The resource http://localhost:3000/_next/static/media/6835223d91b5eb8f-s.p.00d826.jmdee7.woff2 was preloaded using link preload but not used within a few seconds from the window's load event. Please make sure it has an appropriate `as` value and it is preloaded intentionally. @ http://localhost:3000/sandbox/future:0
[   97985ms] [WARNING] The resource http://localhost:3000/_next/static/media/9ff27b8a0a8f3dc0-s.p.170gfl_1xpie6.woff2 was preloaded using link preload but not used within a few seconds from the window's load event. Please make sure it has an appropriate `as` value and it is preloaded intentionally. @ http://localhost:3000/sandbox/future:0
[   97985ms] [WARNING] The resource http://localhost:3000/_next/static/media/caa3a2e1cccd8315-s.p.09~u27dqhyhd6.woff2 was preloaded using link preload but not used within a few seconds from the window's load event. Please make sure it has an appropriate `as` value and it is preloaded intentionally. @ http://localhost:3000/sandbox/future:0
[   97985ms] [WARNING] The resource http://localhost:3000/_next/static/media/d41831e24743a3c1-s.p.02r-fjhi~6g_a.woff2 was preloaded using link preload but not used within a few seconds from the window's load event. Please make sure it has an appropriate `as` value and it is preloaded intentionally. @ http://localhost:3000/sandbox/future:0
[   97985ms] [WARNING] The resource http://localhost:3000/_next/static/media/130b5bec7367fe75-s.p.0q2wrlgna7.s-.woff2 was preloaded using link preload but not used within a few seconds from the window's load event. Please make sure it has an appropriate `as` value and it is preloaded intentionally. @ http://localhost:3000/sandbox/future:0
[   97985ms] [WARNING] The resource http://localhost:3000/_next/static/media/797e433ab948586e-s.p.08e28id.o-okb.woff2 was preloaded using link preload but not used within a few seconds from the window's load event. Please make sure it has an appropriate `as` value and it is preloaded intentionally. @ http://localhost:3000/sandbox/future:0
[   98676ms] [LOG] [Fast Refresh] done in 4093ms @ http://localhost:3000/_next/static/chunks/node_modules_next_dist_115brz8._.js:2477
[   98727ms] [ERROR] Failed to load resource: the server responded with a status of 401 (Unauthorized) @ http://localhost:3001/api/v1/dashboard/experience-lab/performance:0
[   98766ms] [ERROR] Failed to load resource: the server responded with a status of 401 (Unauthorized) @ http://localhost:3001/api/v1/dashboard/experience-lab/accessibility:0
[   98767ms] [ERROR] Failed to load resource: the server responded with a status of 401 (Unauthorized) @ http://localhost:3001/api/v1/dashboard/experience-lab/approval:0
[  101826ms] [WARNING] The resource http://localhost:3000/_next/static/media/6835223d91b5eb8f-s.p.00d826.jmdee7.woff2 was preloaded using link preload but not used within a few seconds from the window's load event. Please make sure it has an appropriate `as` value and it is preloaded intentionally. @ http://localhost:3000/sandbox/review:0
[  101826ms] [WARNING] The resource http://localhost:3000/_next/static/media/9ff27b8a0a8f3dc0-s.p.170gfl_1xpie6.woff2 was preloaded using link preload but not used within a few seconds from the window's load event. Please make sure it has an appropriate `as` value and it is preloaded intentionally. @ http://localhost:3000/sandbox/review:0
[  101826ms] [WARNING] The resource http://localhost:3000/_next/static/media/caa3a2e1cccd8315-s.p.09~u27dqhyhd6.woff2 was preloaded using link preload but not used within a few seconds from the window's load event. Please make sure it has an appropriate `as` value and it is preloaded intentionally. @ http://localhost:3000/sandbox/review:0
[  101826ms] [WARNING] The resource http://localhost:3000/_next/static/media/d41831e24743a3c1-s.p.02r-fjhi~6g_a.woff2 was preloaded using link preload but not used within a few seconds from the window's load event. Please make sure it has an appropriate `as` value and it is preloaded intentionally. @ http://localhost:3000/sandbox/review:0
[  101826ms] [WARNING] The resource http://localhost:3000/_next/static/media/130b5bec7367fe75-s.p.0q2wrlgna7.s-.woff2 was preloaded using link preload but not used within a few seconds from the window's load event. Please make sure it has an appropriate `as` value and it is preloaded intentionally. @ http://localhost:3000/sandbox/review:0
[  101826ms] [WARNING] The resource http://localhost:3000/_next/static/media/797e433ab948586e-s.p.08e28id.o-okb.woff2 was preloaded using link preload but not used within a few seconds from the window's load event. Please make sure it has an appropriate `as` value and it is preloaded intentionally. @ http://localhost:3000/sandbox/review:0
[  113053ms] [ERROR] Failed to load resource: the server responded with a status of 401 (Unauthorized) @ http://localhost:3001/api/v1/dashboard/experience-lab/brand:0
[  117421ms] [ERROR] Failed to load resource: the server responded with a status of 401 (Unauthorized) @ http://localhost:3001/api/v1/dashboard/experience-lab/typography:0
[  120477ms] [WARNING] The resource http://localhost:3000/_next/static/media/6835223d91b5eb8f-s.p.00d826.jmdee7.woff2 was preloaded using link preload but not used within a few seconds from the window's load event. Please make sure it has an appropriate `as` value and it is preloaded intentionally. @ http://localhost:3000/sandbox/typography:0
[  120477ms] [WARNING] The resource http://localhost:3000/_next/static/media/9ff27b8a0a8f3dc0-s.p.170gfl_1xpie6.woff2 was preloaded using link preload but not used within a few seconds from the window's load event. Please make sure it has an appropriate `as` value and it is preloaded intentionally. @ http://localhost:3000/sandbox/typography:0
[  120477ms] [WARNING] The resource http://localhost:3000/_next/static/media/caa3a2e1cccd8315-s.p.09~u27dqhyhd6.woff2 was preloaded using link preload but not used within a few seconds from the window's load event. Please make sure it has an appropriate `as` value and it is preloaded intentionally. @ http://localhost:3000/sandbox/typography:0
[  120477ms] [WARNING] The resource http://localhost:3000/_next/static/media/d41831e24743a3c1-s.p.02r-fjhi~6g_a.woff2 was preloaded using link preload but not used within a few seconds from the window's load event. Please make sure it has an appropriate `as` value and it is preloaded intentionally. @ http://localhost:3000/sandbox/typography:0
[  120477ms] [WARNING] The resource http://localhost:3000/_next/static/media/130b5bec7367fe75-s.p.0q2wrlgna7.s-.woff2 was preloaded using link preload but not used within a few seconds from the window's load event. Please make sure it has an appropriate `as` value and it is preloaded intentionally. @ http://localhost:3000/sandbox/typography:0
[  120477ms] [WARNING] The resource http://localhost:3000/_next/static/media/797e433ab948586e-s.p.08e28id.o-okb.woff2 was preloaded using link preload but not used within a few seconds from the window's load event. Please make sure it has an appropriate `as` value and it is preloaded intentionally. @ http://localhost:3000/sandbox/typography:0
[  125226ms] [ERROR] Failed to load resource: the server responded with a status of 401 (Unauthorized) @ http://localhost:3001/api/v1/dashboard/experience-lab/themes:0
[  128290ms] [WARNING] The resource http://localhost:3000/_next/static/media/6835223d91b5eb8f-s.p.00d826.jmdee7.woff2 was preloaded using link preload but not used within a few seconds from the window's load event. Please make sure it has an appropriate `as` value and it is preloaded intentionally. @ http://localhost:3000/sandbox/themes:0
[  128290ms] [WARNING] The resource http://localhost:3000/_next/static/media/9ff27b8a0a8f3dc0-s.p.170gfl_1xpie6.woff2 was preloaded using link preload but not used within a few seconds from the window's load event. Please make sure it has an appropriate `as` value and it is preloaded intentionally. @ http://localhost:3000/sandbox/themes:0
[  128290ms] [WARNING] The resource http://localhost:3000/_next/static/media/caa3a2e1cccd8315-s.p.09~u27dqhyhd6.woff2 was preloaded using link preload but not used within a few seconds from the window's load event. Please make sure it has an appropriate `as` value and it is preloaded intentionally. @ http://localhost:3000/sandbox/themes:0
[  128290ms] [WARNING] The resource http://localhost:3000/_next/static/media/d41831e24743a3c1-s.p.02r-fjhi~6g_a.woff2 was preloaded using link preload but not used within a few seconds from the window's load event. Please make sure it has an appropriate `as` value and it is preloaded intentionally. @ http://localhost:3000/sandbox/themes:0
[  128290ms] [WARNING] The resource http://localhost:3000/_next/static/media/130b5bec7367fe75-s.p.0q2wrlgna7.s-.woff2 was preloaded using link preload but not used within a few seconds from the window's load event. Please make sure it has an appropriate `as` value and it is preloaded intentionally. @ http://localhost:3000/sandbox/themes:0
[  128290ms] [WARNING] The resource http://localhost:3000/_next/static/media/797e433ab948586e-s.p.08e28id.o-okb.woff2 was preloaded using link preload but not used within a few seconds from the window's load event. Please make sure it has an appropriate `as` value and it is preloaded intentionally. @ http://localhost:3000/sandbox/themes:0
[  140827ms] [LOG] [Fast Refresh] rebuilding @ http://localhost:3000/_next/static/chunks/node_modules_next_dist_115brz8._.js:2477
[  144121ms] [WARNING] The resource http://localhost:3000/_next/static/media/6835223d91b5eb8f-s.p.00d826.jmdee7.woff2 was preloaded using link preload but not used within a few seconds from the window's load event. Please make sure it has an appropriate `as` value and it is preloaded intentionally. @ http://localhost:3000/sandbox:0
[  144121ms] [WARNING] The resource http://localhost:3000/_next/static/media/9ff27b8a0a8f3dc0-s.p.170gfl_1xpie6.woff2 was preloaded using link preload but not used within a few seconds from the window's load event. Please make sure it has an appropriate `as` value and it is preloaded intentionally. @ http://localhost:3000/sandbox:0
[  144121ms] [WARNING] The resource http://localhost:3000/_next/static/media/caa3a2e1cccd8315-s.p.09~u27dqhyhd6.woff2 was preloaded using link preload but not used within a few seconds from the window's load event. Please make sure it has an appropriate `as` value and it is preloaded intentionally. @ http://localhost:3000/sandbox:0
[  144121ms] [WARNING] The resource http://localhost:3000/_next/static/media/d41831e24743a3c1-s.p.02r-fjhi~6g_a.woff2 was preloaded using link preload but not used within a few seconds from the window's load event. Please make sure it has an appropriate `as` value and it is preloaded intentionally. @ http://localhost:3000/sandbox:0
[  144121ms] [WARNING] The resource http://localhost:3000/_next/static/media/130b5bec7367fe75-s.p.0q2wrlgna7.s-.woff2 was preloaded using link preload but not used within a few seconds from the window's load event. Please make sure it has an appropriate `as` value and it is preloaded intentionally. @ http://localhost:3000/sandbox:0
[  144121ms] [WARNING] The resource http://localhost:3000/_next/static/media/797e433ab948586e-s.p.08e28id.o-okb.woff2 was preloaded using link preload but not used within a few seconds from the window's load event. Please make sure it has an appropriate `as` value and it is preloaded intentionally. @ http://localhost:3000/sandbox:0
[  144716ms] [LOG] [Fast Refresh] done in 3999ms @ http://localhost:3000/_next/static/chunks/node_modules_next_dist_115brz8._.js:2477
[  144760ms] [ERROR] Failed to load resource: the server responded with a status of 401 (Unauthorized) @ http://localhost:3001/api/v1/dashboard/experience-lab/mixer:0
[  147834ms] [WARNING] The resource http://localhost:3000/_next/static/media/6835223d91b5eb8f-s.p.00d826.jmdee7.woff2 was preloaded using link preload but not used within a few seconds from the window's load event. Please make sure it has an appropriate `as` value and it is preloaded intentionally. @ http://localhost:3000/sandbox/mixer:0
[  147834ms] [WARNING] The resource http://localhost:3000/_next/static/media/9ff27b8a0a8f3dc0-s.p.170gfl_1xpie6.woff2 was preloaded using link preload but not used within a few seconds from the window's load event. Please make sure it has an appropriate `as` value and it is preloaded intentionally. @ http://localhost:3000/sandbox/mixer:0
[  147834ms] [WARNING] The resource http://localhost:3000/_next/static/media/caa3a2e1cccd8315-s.p.09~u27dqhyhd6.woff2 was preloaded using link preload but not used within a few seconds from the window's load event. Please make sure it has an appropriate `as` value and it is preloaded intentionally. @ http://localhost:3000/sandbox/mixer:0
[  147834ms] [WARNING] The resource http://localhost:3000/_next/static/media/d41831e24743a3c1-s.p.02r-fjhi~6g_a.woff2 was preloaded using link preload but not used within a few seconds from the window's load event. Please make sure it has an appropriate `as` value and it is preloaded intentionally. @ http://localhost:3000/sandbox/mixer:0
[  147834ms] [WARNING] The resource http://localhost:3000/_next/static/media/130b5bec7367fe75-s.p.0q2wrlgna7.s-.woff2 was preloaded using link preload but not used within a few seconds from the window's load event. Please make sure it has an appropriate `as` value and it is preloaded intentionally. @ http://localhost:3000/sandbox/mixer:0
[  147834ms] [WARNING] The resource http://localhost:3000/_next/static/media/797e433ab948586e-s.p.08e28id.o-okb.woff2 was preloaded using link preload but not used within a few seconds from the window's load event. Please make sure it has an appropriate `as` value and it is preloaded intentionally. @ http://localhost:3000/sandbox/mixer:0
[  271231ms] [LOG] [Fast Refresh] rebuilding @ http://localhost:3000/_next/static/chunks/node_modules_next_dist_115brz8._.js:2477
[  272777ms] [LOG] [Fast Refresh] done in 1679ms @ http://localhost:3000/_next/static/chunks/node_modules_next_dist_115brz8._.js:2477
[  274992ms] [WARNING] The resource http://localhost:3000/_next/static/media/6835223d91b5eb8f-s.p.00d826.jmdee7.woff2 was preloaded using link preload but not used within a few seconds from the window's load event. Please make sure it has an appropriate `as` value and it is preloaded intentionally. @ http://localhost:3000/sandbox/mixer:0
[  274995ms] [WARNING] The resource http://localhost:3000/_next/static/media/9ff27b8a0a8f3dc0-s.p.170gfl_1xpie6.woff2 was preloaded using link preload but not used within a few seconds from the window's load event. Please make sure it has an appropriate `as` value and it is preloaded intentionally. @ http://localhost:3000/sandbox/mixer:0
[  274995ms] [WARNING] The resource http://localhost:3000/_next/static/media/caa3a2e1cccd8315-s.p.09~u27dqhyhd6.woff2 was preloaded using link preload but not used within a few seconds from the window's load event. Please make sure it has an appropriate `as` value and it is preloaded intentionally. @ http://localhost:3000/sandbox/mixer:0
[  274995ms] [WARNING] The resource http://localhost:3000/_next/static/media/d41831e24743a3c1-s.p.02r-fjhi~6g_a.woff2 was preloaded using link preload but not used within a few seconds from the window's load event. Please make sure it has an appropriate `as` value and it is preloaded intentionally. @ http://localhost:3000/sandbox/mixer:0
[  274995ms] [WARNING] The resource http://localhost:3000/_next/static/media/130b5bec7367fe75-s.p.0q2wrlgna7.s-.woff2 was preloaded using link preload but not used within a few seconds from the window's load event. Please make sure it has an appropriate `as` value and it is preloaded intentionally. @ http://localhost:3000/sandbox/mixer:0
[  274995ms] [WARNING] The resource http://localhost:3000/_next/static/media/797e433ab948586e-s.p.08e28id.o-okb.woff2 was preloaded using link preload but not used within a few seconds from the window's load event. Please make sure it has an appropriate `as` value and it is preloaded intentionally. @ http://localhost:3000/sandbox/mixer:0
[  276961ms] [LOG] [Fast Refresh] rebuilding @ http://localhost:3000/_next/static/chunks/node_modules_next_dist_115brz8._.js:2477
[  277113ms] [LOG] [Fast Refresh] done in 265ms @ http://localhost:3000/_next/static/chunks/node_modules_next_dist_115brz8._.js:2477
[  287119ms] [LOG] [Fast Refresh] rebuilding @ http://localhost:3000/_next/static/chunks/node_modules_next_dist_115brz8._.js:2477
[  287277ms] [LOG] [Fast Refresh] done in 268ms @ http://localhost:3000/_next/static/chunks/node_modules_next_dist_115brz8._.js:2477
[  287420ms] [LOG] [Fast Refresh] rebuilding @ http://localhost:3000/_next/static/chunks/node_modules_next_dist_115brz8._.js:2477
[  287425ms] [LOG] [Fast Refresh] done in 119ms @ http://localhost:3000/_next/static/chunks/node_modules_next_dist_115brz8._.js:2477
[  297318ms] [LOG] [Fast Refresh] rebuilding @ http://localhost:3000/_next/static/chunks/node_modules_next_dist_115brz8._.js:2477
[  297318ms] [LOG] [Fast Refresh] done in 106ms @ http://localhost:3000/_next/static/chunks/node_modules_next_dist_115brz8._.js:2477
[  301172ms] [LOG] [Fast Refresh] rebuilding @ http://localhost:3000/_next/static/chunks/node_modules_next_dist_115brz8._.js:2477
[  301173ms] [LOG] [Fast Refresh] done in 107ms @ http://localhost:3000/_next/static/chunks/node_modules_next_dist_115brz8._.js:2477
[  303706ms] [LOG] [Fast Refresh] rebuilding @ http://localhost:3000/_next/static/chunks/node_modules_next_dist_115brz8._.js:2477
[  303706ms] [LOG] [Fast Refresh] done in 103ms @ http://localhost:3000/_next/static/chunks/node_modules_next_dist_115brz8._.js:2477
[  317106ms] [LOG] [Fast Refresh] rebuilding @ http://localhost:3000/_next/static/chunks/node_modules_next_dist_115brz8._.js:2477
[  317140ms] [LOG] [Fast Refresh] done in 134ms @ http://localhost:3000/_next/static/chunks/node_modules_next_dist_115brz8._.js:2477
[  317278ms] [LOG] [Fast Refresh] rebuilding @ http://localhost:3000/_next/static/chunks/node_modules_next_dist_115brz8._.js:2477
[  317296ms] [LOG] [Fast Refresh] done in 131ms @ http://localhost:3000/_next/static/chunks/node_modules_next_dist_115brz8._.js:2477
[  392739ms] [LOG] [Fast Refresh] rebuilding @ http://localhost:3000/_next/static/chunks/node_modules_next_dist_115brz8._.js:2477
[  392780ms] [LOG] [Fast Refresh] done in 143ms @ http://localhost:3000/_next/static/chunks/node_modules_next_dist_115brz8._.js:2477
[  396864ms] [LOG] [Fast Refresh] rebuilding @ http://localhost:3000/_next/static/chunks/node_modules_next_dist_115brz8._.js:2477
[  400262ms] [WARNING] The resource http://localhost:3000/_next/static/media/6835223d91b5eb8f-s.p.00d826.jmdee7.woff2 was preloaded using link preload but not used within a few seconds from the window's load event. Please make sure it has an appropriate `as` value and it is preloaded intentionally. @ http://localhost:3000/sandbox/mixer:0
[  400268ms] [WARNING] The resource http://localhost:3000/_next/static/media/9ff27b8a0a8f3dc0-s.p.170gfl_1xpie6.woff2 was preloaded using link preload but not used within a few seconds from the window's load event. Please make sure it has an appropriate `as` value and it is preloaded intentionally. @ http://localhost:3000/sandbox/mixer:0
[  400268ms] [WARNING] The resource http://localhost:3000/_next/static/media/caa3a2e1cccd8315-s.p.09~u27dqhyhd6.woff2 was preloaded using link preload but not used within a few seconds from the window's load event. Please make sure it has an appropriate `as` value and it is preloaded intentionally. @ http://localhost:3000/sandbox/mixer:0
[  400268ms] [WARNING] The resource http://localhost:3000/_next/static/media/d41831e24743a3c1-s.p.02r-fjhi~6g_a.woff2 was preloaded using link preload but not used within a few seconds from the window's load event. Please make sure it has an appropriate `as` value and it is preloaded intentionally. @ http://localhost:3000/sandbox/mixer:0
[  400268ms] [WARNING] The resource http://localhost:3000/_next/static/media/130b5bec7367fe75-s.p.0q2wrlgna7.s-.woff2 was preloaded using link preload but not used within a few seconds from the window's load event. Please make sure it has an appropriate `as` value and it is preloaded intentionally. @ http://localhost:3000/sandbox/mixer:0
[  400268ms] [WARNING] The resource http://localhost:3000/_next/static/media/797e433ab948586e-s.p.08e28id.o-okb.woff2 was preloaded using link preload but not used within a few seconds from the window's load event. Please make sure it has an appropriate `as` value and it is preloaded intentionally. @ http://localhost:3000/sandbox/mixer:0
[  404153ms] [LOG] [Fast Refresh] done in 7395ms @ http://localhost:3000/_next/static/chunks/node_modules_next_dist_115brz8._.js:2477
[ 1458548ms] [LOG] [Fast Refresh] rebuilding @ http://localhost:3000/_next/static/chunks/node_modules_next_dist_115brz8._.js:2477
[ 1462151ms] [WARNING] The resource http://localhost:3000/_next/static/media/6835223d91b5eb8f-s.p.00d826.jmdee7.woff2 was preloaded using link preload but not used within a few seconds from the window's load event. Please make sure it has an appropriate `as` value and it is preloaded intentionally. @ http://localhost:3000/sandbox/mixer:0
[ 1462155ms] [WARNING] The resource http://localhost:3000/_next/static/media/9ff27b8a0a8f3dc0-s.p.170gfl_1xpie6.woff2 was preloaded using link preload but not used within a few seconds from the window's load event. Please make sure it has an appropriate `as` value and it is preloaded intentionally. @ http://localhost:3000/sandbox/mixer:0
[ 1462155ms] [WARNING] The resource http://localhost:3000/_next/static/media/caa3a2e1cccd8315-s.p.09~u27dqhyhd6.woff2 was preloaded using link preload but not used within a few seconds from the window's load event. Please make sure it has an appropriate `as` value and it is preloaded intentionally. @ http://localhost:3000/sandbox/mixer:0
[ 1462155ms] [WARNING] The resource http://localhost:3000/_next/static/media/d41831e24743a3c1-s.p.02r-fjhi~6g_a.woff2 was preloaded using link preload but not used within a few seconds from the window's load event. Please make sure it has an appropriate `as` value and it is preloaded intentionally. @ http://localhost:3000/sandbox/mixer:0
[ 1462155ms] [WARNING] The resource http://localhost:3000/_next/static/media/130b5bec7367fe75-s.p.0q2wrlgna7.s-.woff2 was preloaded using link preload but not used within a few seconds from the window's load event. Please make sure it has an appropriate `as` value and it is preloaded intentionally. @ http://localhost:3000/sandbox/mixer:0
[ 1462155ms] [WARNING] The resource http://localhost:3000/_next/static/media/797e433ab948586e-s.p.08e28id.o-okb.woff2 was preloaded using link preload but not used within a few seconds from the window's load event. Please make sure it has an appropriate `as` value and it is preloaded intentionally. @ http://localhost:3000/sandbox/mixer:0
[ 1463683ms] [LOG] [Fast Refresh] done in 5474ms @ http://localhost:3000/_next/static/chunks/node_modules_next_dist_115brz8._.js:2477
[ 1483220ms] [LOG] [Fast Refresh] rebuilding @ http://localhost:3000/_next/static/chunks/node_modules_next_dist_115brz8._.js:2477
[ 1485747ms] [LOG] [Fast Refresh] done in 2631ms @ http://localhost:3000/_next/static/chunks/node_modules_next_dist_115brz8._.js:2477
[ 1486548ms] [WARNING] The resource http://localhost:3000/_next/static/media/6835223d91b5eb8f-s.p.00d826.jmdee7.woff2 was preloaded using link preload but not used within a few seconds from the window's load event. Please make sure it has an appropriate `as` value and it is preloaded intentionally. @ http://localhost:3000/sandbox/mixer:0
[ 1486548ms] [WARNING] The resource http://localhost:3000/_next/static/media/9ff27b8a0a8f3dc0-s.p.170gfl_1xpie6.woff2 was preloaded using link preload but not used within a few seconds from the window's load event. Please make sure it has an appropriate `as` value and it is preloaded intentionally. @ http://localhost:3000/sandbox/mixer:0
[ 1486548ms] [WARNING] The resource http://localhost:3000/_next/static/media/caa3a2e1cccd8315-s.p.09~u27dqhyhd6.woff2 was preloaded using link preload but not used within a few seconds from the window's load event. Please make sure it has an appropriate `as` value and it is preloaded intentionally. @ http://localhost:3000/sandbox/mixer:0
[ 1486549ms] [WARNING] The resource http://localhost:3000/_next/static/media/d41831e24743a3c1-s.p.02r-fjhi~6g_a.woff2 was preloaded using link preload but not used within a few seconds from the window's load event. Please make sure it has an appropriate `as` value and it is preloaded intentionally. @ http://localhost:3000/sandbox/mixer:0
[ 1486549ms] [WARNING] The resource http://localhost:3000/_next/static/media/130b5bec7367fe75-s.p.0q2wrlgna7.s-.woff2 was preloaded using link preload but not used within a few seconds from the window's load event. Please make sure it has an appropriate `as` value and it is preloaded intentionally. @ http://localhost:3000/sandbox/mixer:0
[ 1486549ms] [WARNING] The resource http://localhost:3000/_next/static/media/797e433ab948586e-s.p.08e28id.o-okb.woff2 was preloaded using link preload but not used within a few seconds from the window's load event. Please make sure it has an appropriate `as` value and it is preloaded intentionally. @ http://localhost:3000/sandbox/mixer:0
[ 1544431ms] [LOG] [Fast Refresh] rebuilding @ http://localhost:3000/_next/static/chunks/node_modules_next_dist_115brz8._.js:2477
[ 1547768ms] [WARNING] The resource http://localhost:3000/_next/static/media/6835223d91b5eb8f-s.p.00d826.jmdee7.woff2 was preloaded using link preload but not used within a few seconds from the window's load event. Please make sure it has an appropriate `as` value and it is preloaded intentionally. @ http://localhost:3000/sandbox/mixer:0
[ 1547769ms] [WARNING] The resource http://localhost:3000/_next/static/media/9ff27b8a0a8f3dc0-s.p.170gfl_1xpie6.woff2 was preloaded using link preload but not used within a few seconds from the window's load event. Please make sure it has an appropriate `as` value and it is preloaded intentionally. @ http://localhost:3000/sandbox/mixer:0
[ 1547769ms] [WARNING] The resource http://localhost:3000/_next/static/media/caa3a2e1cccd8315-s.p.09~u27dqhyhd6.woff2 was preloaded using link preload but not used within a few seconds from the window's load event. Please make sure it has an appropriate `as` value and it is preloaded intentionally. @ http://localhost:3000/sandbox/mixer:0
[ 1547769ms] [WARNING] The resource http://localhost:3000/_next/static/media/d41831e24743a3c1-s.p.02r-fjhi~6g_a.woff2 was preloaded using link preload but not used within a few seconds from the window's load event. Please make sure it has an appropriate `as` value and it is preloaded intentionally. @ http://localhost:3000/sandbox/mixer:0
[ 1547770ms] [WARNING] The resource http://localhost:3000/_next/static/media/130b5bec7367fe75-s.p.0q2wrlgna7.s-.woff2 was preloaded using link preload but not used within a few seconds from the window's load event. Please make sure it has an appropriate `as` value and it is preloaded intentionally. @ http://localhost:3000/sandbox/mixer:0
[ 1547770ms] [WARNING] The resource http://localhost:3000/_next/static/media/797e433ab948586e-s.p.08e28id.o-okb.woff2 was preloaded using link preload but not used within a few seconds from the window's load event. Please make sure it has an appropriate `as` value and it is preloaded intentionally. @ http://localhost:3000/sandbox/mixer:0
[ 1549579ms] [LOG] [Fast Refresh] done in 5251ms @ http://localhost:3000/_next/static/chunks/node_modules_next_dist_115brz8._.js:2477
[ 1552213ms] [INFO] %cDownload the React DevTools for a better development experience: https://react.dev/link/react-devtools font-weight:bold @ http://localhost:3000/_next/static/chunks/node_modules_next_dist_115brz8._.js:2477
[ 1552407ms] [LOG] [HMR] connected @ http://localhost:3000/_next/static/chunks/node_modules_next_dist_115brz8._.js:2477
[ 1552597ms] [LOG] [Fast Refresh] rebuilding @ http://localhost:3000/_next/static/chunks/node_modules_next_dist_115brz8._.js:2477
[ 1552754ms] [LOG] [Fast Refresh] done in 265ms @ http://localhost:3000/_next/static/chunks/node_modules_next_dist_115brz8._.js:2477
[ 1553185ms] [ERROR] Failed to load resource: the server responded with a status of 401 (Unauthorized) @ http://localhost:3001/api/v1/dashboard/experience-lab/mixer:0
[ 1553215ms] [ERROR] Failed to load resource: the server responded with a status of 401 (Unauthorized) @ http://localhost:3001/api/v1/dashboard/experience-lab/mixer:0
[ 1555231ms] [LOG] [Fast Refresh] rebuilding @ http://localhost:3000/_next/static/chunks/node_modules_next_dist_115brz8._.js:2477
[ 1555477ms] [LOG] [Fast Refresh] done in 360ms @ http://localhost:3000/_next/static/chunks/node_modules_next_dist_115brz8._.js:2477
[ 1555751ms] [LOG] [Fast Refresh] rebuilding @ http://localhost:3000/_next/static/chunks/node_modules_next_dist_115brz8._.js:2477
[ 1555779ms] [LOG] [Fast Refresh] done in 136ms @ http://localhost:3000/_next/static/chunks/node_modules_next_dist_115brz8._.js:2477
[ 1555789ms] [ERROR] Failed to load resource: the server responded with a status of 401 (Unauthorized) @ http://localhost:3001/api/v1/dashboard/experience-lab/performance:0
[ 1555836ms] [ERROR] Failed to load resource: the server responded with a status of 401 (Unauthorized) @ http://localhost:3001/api/v1/dashboard/experience-lab/accessibility:0
[ 1555871ms] [ERROR] Failed to load resource: the server responded with a status of 401 (Unauthorized) @ http://localhost:3001/api/v1/dashboard/experience-lab/approval:0
[ 1560990ms] [ERROR] Failed to load resource: the server responded with a status of 401 (Unauthorized) @ http://localhost:3001/api/v1/dashboard/experience-lab/future-page/customer:0
[ 1561018ms] [LOG] [Fast Refresh] rebuilding @ http://localhost:3000/_next/static/chunks/node_modules_next_dist_115brz8._.js:2477
[ 1561140ms] [LOG] [Fast Refresh] done in 226ms @ http://localhost:3000/_next/static/chunks/node_modules_next_dist_115brz8._.js:2477
[ 1589890ms] [LOG] [Fast Refresh] rebuilding @ http://localhost:3000/_next/static/chunks/node_modules_next_dist_115brz8._.js:2477
[ 1603421ms] [LOG] [Fast Refresh] done in 13639ms @ http://localhost:3000/_next/static/chunks/node_modules_next_dist_115brz8._.js:2477
[ 1603664ms] [LOG] [Fast Refresh] rebuilding @ http://localhost:3000/_next/static/chunks/node_modules_next_dist_115brz8._.js:2477
[ 1604148ms] [LOG] [Fast Refresh] done in 586ms @ http://localhost:3000/_next/static/chunks/node_modules_next_dist_115brz8._.js:2477
[ 1604377ms] [LOG] [Fast Refresh] rebuilding @ http://localhost:3000/_next/static/chunks/node_modules_next_dist_115brz8._.js:2477
[ 1604563ms] [LOG] [Fast Refresh] done in 292ms @ http://localhost:3000/_next/static/chunks/node_modules_next_dist_115brz8._.js:2477
[ 1604710ms] [LOG] [Fast Refresh] rebuilding @ http://localhost:3000/_next/static/chunks/node_modules_next_dist_115brz8._.js:2477
[ 1605000ms] [LOG] [Fast Refresh] done in 397ms @ http://localhost:3000/_next/static/chunks/node_modules_next_dist_115brz8._.js:2477
[ 1632502ms] [LOG] [Fast Refresh] rebuilding @ http://localhost:3000/_next/static/chunks/node_modules_next_dist_115brz8._.js:2477
[ 1633003ms] [LOG] [Fast Refresh] done in 605ms @ http://localhost:3000/_next/static/chunks/node_modules_next_dist_115brz8._.js:2477
[ 1633230ms] [LOG] [Fast Refresh] rebuilding @ http://localhost:3000/_next/static/chunks/node_modules_next_dist_115brz8._.js:2477
[ 1633781ms] [LOG] [Fast Refresh] done in 655ms @ http://localhost:3000/_next/static/chunks/node_modules_next_dist_115brz8._.js:2477
[ 1633911ms] [LOG] [Fast Refresh] rebuilding @ http://localhost:3000/_next/static/chunks/node_modules_next_dist_115brz8._.js:2477
[ 1634082ms] [LOG] [Fast Refresh] done in 272ms @ http://localhost:3000/_next/static/chunks/node_modules_next_dist_115brz8._.js:2477
[ 1634331ms] [LOG] [Fast Refresh] rebuilding @ http://localhost:3000/_next/static/chunks/node_modules_next_dist_115brz8._.js:2477
[ 1635131ms] [LOG] [Fast Refresh] done in 905ms @ http://localhost:3000/_next/static/chunks/node_modules_next_dist_115brz8._.js:2477
[ 1635676ms] [LOG] [Fast Refresh] rebuilding @ http://localhost:3000/_next/static/chunks/node_modules_next_dist_115brz8._.js:2477
[ 1635685ms] [LOG] [Fast Refresh] done in 118ms @ http://localhost:3000/_next/static/chunks/node_modules_next_dist_115brz8._.js:2477
[ 1635824ms] [LOG] [Fast Refresh] rebuilding @ http://localhost:3000/_next/static/chunks/node_modules_next_dist_115brz8._.js:2477
[ 1637276ms] [LOG] [Fast Refresh] done in 1553ms @ http://localhost:3000/_next/static/chunks/node_modules_next_dist_115brz8._.js:2477
[ 1639409ms] [INFO] %cDownload the React DevTools for a better development experience: https://react.dev/link/react-devtools font-weight:bold @ http://localhost:3000/_next/static/chunks/node_modules_next_dist_115brz8._.js:2477
[ 1639663ms] [LOG] [HMR] connected @ http://localhost:3000/_next/static/chunks/node_modules_next_dist_115brz8._.js:2477
[ 1640443ms] [ERROR] Failed to load resource: the server responded with a status of 401 (Unauthorized) @ http://localhost:3001/api/v1/dashboard/experience-lab/future-page/customer:0
[ 1640453ms] [ERROR] Failed to load resource: the server responded with a status of 401 (Unauthorized) @ http://localhost:3001/api/v1/dashboard/experience-lab/future-page/customer:0
